=== pip install ===

=== strategy stdout (exit 0) ===

══════════════════════════════════════════════════════════════════════════════════════
  TIME-FRAME BACKTEST  —  MAX EXPECTED PROFIT, target-spend sized (win_rate × avg_payoff)
  Lookback window: 730 calendar days
  Session window : 9:30 AM–4:00 PM ET (full regular session)
  Position sizing: contracts = ceil($1.00 / mean(entry_frame)), min 1. Frames are arbitrary [start, end] windows; price = mean of the 1-min closes inside the frame.
══════════════════════════════════════════════════════════════════════════════════════
  Data source: Alpaca Markets API
  Tickers: TSLA   Option types: CALL, PUT
  Searching arbitrary entry/exit frames (5 min → full day, coarse 5-min grid then 1-min refine).

  Backtesting TSLA...

██████████████████████████████████████████████████████████████████████████████████████
  TSLA CALLS
██████████████████████████████████████████████████████████████████████████████████████
======================================================================================
  TSLA CALLS
======================================================================================
  Optimal entry frame : 9:40–9:45 AM   (5 min)
  Optimal exit frame  : 1:45–1:52 PM   (7 min)
  Data source         : REAL prices

  Date           Strike  Src  Qty       Entry frame    Buy$        Exit frame   Sell$   P&L/sh      P&L $  Result
  ------------ -------- ---- ---- ----------------- ------- ----------------- ------- -------- ----------  ------
  2024-06-28      200.0 REAL    1      9:40–9:45 AM    2.48      1:45–1:52 PM    0.15   -2.331   $-233.09  LOSS
  2024-07-05      252.5 REAL    2      9:40–9:45 AM    0.80      1:45–1:52 PM    0.20   -0.599   $-119.71  LOSS
  2024-07-12      237.5 REAL    1      9:40–9:45 AM    6.26      1:45–1:52 PM   11.90   +5.644   $+564.40  WIN 
  2024-07-19      247.5 REAL    1      9:40–9:45 AM    2.22      1:45–1:52 PM    0.04   -2.178   $-217.83  LOSS
  2024-07-26      222.5 REAL    2      9:40–9:45 AM    0.87      1:45–1:52 PM    0.46   -0.405    $-81.03  LOSS
  2024-08-02      212.5 REAL    1      9:40–9:45 AM    4.05      1:45–1:52 PM    0.09   -3.968   $-396.83  LOSS
  2024-08-09      195.0 REAL    1      9:40–9:45 AM    3.86      1:45–1:52 PM    5.11   +1.257   $+125.73  WIN 
  2024-08-16      212.5 REAL    1      9:40–9:45 AM    4.86      1:45–1:52 PM    4.90   +0.036     $+3.63  WIN 
  2024-08-23      215.0 REAL    1      9:40–9:45 AM    3.23      1:45–1:52 PM    4.47   +1.242   $+124.20  WIN 
  2024-08-30      210.0 REAL    1      9:40–9:45 AM    1.19      1:45–1:52 PM    1.72   +0.529    $+52.91  WIN 
  2024-09-06      232.5 REAL    2      9:40–9:45 AM    0.65      1:45–1:52 PM    0.01   -0.638   $-127.60  LOSS
  2024-09-13      227.5 REAL    1      9:40–9:45 AM    5.41      1:45–1:52 PM    2.31   -3.101   $-310.14  LOSS
  2024-09-20      240.0 REAL    1      9:40–9:45 AM    2.50      1:45–1:52 PM    0.45   -2.057   $-205.69  LOSS
  2024-09-27      257.5 REAL    1      9:40–9:45 AM    1.69      1:45–1:52 PM    2.21   +0.519    $+51.89  WIN 
  2024-10-04      247.5 REAL    1      9:40–9:45 AM    2.63      1:45–1:52 PM    2.38   -0.244    $-24.37  LOSS
  2024-10-11      220.0 REAL    1      9:40–9:45 AM    2.35      1:45–1:52 PM    0.81   -1.538   $-153.77  LOSS
  2024-10-18      220.0 REAL    1      9:40–9:45 AM    1.93      1:45–1:52 PM    1.42   -0.514    $-51.40  LOSS
  2024-10-25      257.5 REAL    1      9:40–9:45 AM    7.58      1:45–1:52 PM    9.40   +1.820   $+182.00  WIN 
  2024-11-01      252.5 REAL    1      9:40–9:45 AM    2.34      1:45–1:52 PM    0.04   -2.299   $-229.89  LOSS
  2024-11-08      300.0 REAL    1      9:40–9:45 AM    5.60      1:45–1:52 PM   24.66  +19.065  $+1906.49  WIN 
  2024-11-15      310.0 REAL    1      9:40–9:45 AM    6.40      1:45–1:52 PM    7.92   +1.517   $+151.67  WIN 
  2024-11-22      342.5 REAL    1      9:40–9:45 AM    2.77      1:45–1:52 PM   10.80   +8.028   $+802.80  WIN 
  2024-11-29      335.0 REAL    —      9:40–9:45 AM       —      1:45–1:52 PM       —        —          —  skip
  2024-12-06      375.0 REAL    1      9:40–9:45 AM    3.22      1:45–1:52 PM    2.37   -0.852    $-85.20  LOSS
  2024-12-13      417.5 REAL    1      9:40–9:45 AM    4.88      1:45–1:52 PM   14.07   +9.186   $+918.60  WIN 
  2024-12-20      427.5 REAL    1      9:40–9:45 AM    5.22      1:45–1:52 PM   13.50   +8.281   $+828.07  WIN 
  2024-12-27      447.5 REAL    1      9:40–9:45 AM    2.74      1:45–1:52 PM    0.14   -2.603   $-260.29  LOSS
  2025-01-03      380.0 REAL    1      9:40–9:45 AM    8.59      1:45–1:52 PM   21.92  +13.336  $+1333.65  WIN 
  2025-01-10      390.0 REAL    1      9:40–9:45 AM    7.92      1:45–1:52 PM    6.76   -1.162   $-116.23  LOSS
  2025-01-17      422.5 REAL    1      9:40–9:45 AM    5.53      1:45–1:52 PM   15.56  +10.029  $+1002.93  WIN 
  2025-01-24      415.0 REAL    1      9:40–9:45 AM    3.94      1:45–1:52 PM    0.28   -3.661   $-366.14  LOSS
  2025-01-31      402.5 REAL    1      9:40–9:45 AM   10.17      1:45–1:52 PM   11.03   +0.860    $+86.00  WIN 
  2025-02-07      372.5 REAL    1      9:40–9:45 AM    5.02      1:45–1:52 PM    0.35   -4.667   $-466.71  LOSS
  2025-02-14      360.0 REAL    1      9:40–9:45 AM    1.82      1:45–1:52 PM    0.24   -1.579   $-157.94  LOSS
  2025-02-21      352.5 REAL    1      9:40–9:45 AM    2.58      1:45–1:52 PM    0.07   -2.509   $-250.86  LOSS
  2025-02-28      277.5 REAL    1      9:40–9:45 AM    6.16      1:45–1:52 PM    9.78   +3.622   $+362.20  WIN 
  2025-03-07      262.5 REAL    1      9:40–9:45 AM    5.09      1:45–1:52 PM    2.49   -2.597   $-259.74  LOSS
  2025-03-14      247.5 REAL    1      9:40–9:45 AM    3.31      1:45–1:52 PM    1.94   -1.365   $-136.51  LOSS
  2025-03-21      237.5 REAL    1      9:40–9:45 AM    5.80      1:45–1:52 PM    9.81   +4.015   $+401.54  WIN 
  2025-03-28      275.0 REAL    1      9:40–9:45 AM    3.04      1:45–1:52 PM    0.05   -2.983   $-298.31  LOSS
  2025-04-04      260.0 REAL    1      9:40–9:45 AM    1.67      1:45–1:52 PM    0.05   -1.619   $-161.93  LOSS
  2025-04-11      252.5 REAL    1      9:40–9:45 AM    6.16      1:45–1:52 PM    1.34   -4.824   $-482.43  LOSS
  2025-04-18      242.5 REAL    1      9:40–9:45 AM    2.70      1:45–1:52 PM    0.73   -1.964   $-196.37  LOSS
  2025-04-25      262.5 REAL    1      9:40–9:45 AM    3.99      1:45–1:52 PM   20.21  +16.224  $+1622.40  WIN 
  2025-05-02      287.5 REAL    1      9:40–9:45 AM    2.25      1:45–1:52 PM    6.49   +4.241   $+424.11  WIN 
  2025-05-09      292.5 REAL    1      9:40–9:45 AM    7.62      1:45–1:52 PM    7.70   +0.081     $+8.06  WIN 
  2025-05-16      347.5 REAL    1      9:40–9:45 AM    4.29      1:45–1:52 PM    1.68   -2.611   $-261.06  LOSS
  2025-05-23      335.0 REAL    1      9:40–9:45 AM    5.05      1:45–1:52 PM    7.00   +1.946   $+194.57  WIN 
  2025-05-30      357.5 REAL    1      9:40–9:45 AM    2.90      1:45–1:52 PM    0.20   -2.695   $-269.46  LOSS
  2025-06-06      295.0 REAL    1      9:40–9:45 AM    7.49      1:45–1:52 PM    6.25   -1.241   $-124.14  LOSS
  2025-06-13      315.0 REAL    1      9:40–9:45 AM    4.75      1:45–1:52 PM   16.42  +11.672  $+1167.23  WIN 
  2025-06-20      327.5 REAL    1      9:40–9:45 AM    2.92      1:45–1:52 PM    0.14   -2.777   $-277.74  LOSS
  2025-06-27      322.5 REAL    1      9:40–9:45 AM    3.39      1:45–1:52 PM    1.50   -1.885   $-188.46  LOSS
  2025-07-04      317.5 REAL    —      9:40–9:45 AM       —      1:45–1:52 PM       —        —          —  skip
  2025-07-11      307.5 REAL    1      9:40–9:45 AM    2.18      1:45–1:52 PM    3.24   +1.067   $+106.69  WIN 
  2025-07-18      322.5 REAL    1      9:40–9:45 AM    3.35      1:45–1:52 PM    5.13   +1.779   $+177.93  WIN 
  2025-07-25      310.0 REAL    1      9:40–9:45 AM    3.16      1:45–1:52 PM    7.71   +4.553   $+455.34  WIN 
  2025-08-01      307.5 REAL    1      9:40–9:45 AM    1.19      1:45–1:52 PM    0.29   -0.896    $-89.60  LOSS
  2025-08-08      322.5 REAL    1      9:40–9:45 AM    6.73      1:45–1:52 PM    7.12   +0.384    $+38.40  WIN 
  2025-08-15      337.5 REAL    1      9:40–9:45 AM    1.59      1:45–1:52 PM    0.07   -1.516   $-151.60  LOSS
  2025-08-22      317.5 REAL    1      9:40–9:45 AM    7.79      1:45–1:52 PM   20.80  +13.014  $+1301.40  WIN 
  2025-08-29      347.5 REAL    1      9:40–9:45 AM    1.99      1:45–1:52 PM    0.01   -1.978   $-197.80  LOSS
  2025-09-05      350.0 REAL    1      9:40–9:45 AM    4.49      1:45–1:52 PM    1.65   -2.842   $-284.20  LOSS
  2025-09-12      372.5 REAL    1      9:40–9:45 AM    7.35      1:45–1:52 PM   21.83  +14.484  $+1448.40  WIN 
  2025-09-19      425.0 REAL    1      9:40–9:45 AM    5.02      1:45–1:52 PM    0.88   -4.141   $-414.14  LOSS
  2025-09-26      427.5 REAL    1      9:40–9:45 AM    4.55      1:45–1:52 PM    5.95   +1.402   $+140.20  WIN 
  2025-10-03      442.5 REAL    1      9:40–9:45 AM    3.06      1:45–1:52 PM    0.02   -3.046   $-304.63  LOSS
  2025-10-10      437.5 REAL    1      9:40–9:45 AM    4.47      1:45–1:52 PM    0.03   -4.441   $-444.10  LOSS
  2025-10-17      425.0 REAL    1      9:40–9:45 AM    5.90      1:45–1:52 PM   12.70   +6.804   $+680.37  WIN 
  2025-10-24      447.5 REAL    1      9:40–9:45 AM    2.53      1:45–1:52 PM    0.09   -2.443   $-244.34  LOSS
  2025-10-31      447.5 REAL    1      9:40–9:45 AM    4.70      1:45–1:52 PM    2.30   -2.400   $-239.97  LOSS
  2025-11-07      435.0 REAL    1      9:40–9:45 AM    3.64      1:45–1:52 PM    0.65   -2.989   $-298.86  LOSS
  2025-11-14      390.0 REAL    1      9:40–9:45 AM    6.21      1:45–1:52 PM   15.87   +9.655   $+965.55  WIN 
  2025-11-21      400.0 REAL    1      9:40–9:45 AM    4.97      1:45–1:52 PM    2.56   -2.403   $-240.31  LOSS
  2025-11-28      430.0 REAL    —      9:40–9:45 AM       —      1:45–1:52 PM       —        —          —  skip
  2025-12-05      455.0 REAL    1      9:40–9:45 AM    3.40      1:45–1:52 PM    1.10   -2.295   $-229.51  LOSS
  2025-12-12      452.5 REAL    1      9:40–9:45 AM    7.31      1:45–1:52 PM    3.57   -3.736   $-373.57  LOSS
  2025-12-19      487.5 REAL    1      9:40–9:45 AM    2.64      1:45–1:52 PM    0.38   -2.264   $-226.40  LOSS
  2025-12-26      487.5 REAL    1      9:40–9:45 AM    1.58      1:45–1:52 PM    0.05   -1.534   $-153.43  LOSS
  2026-01-02      457.5 REAL    1      9:40–9:45 AM    1.01      1:45–1:52 PM    0.01   -1.002   $-100.20  LOSS
  2026-01-09      432.5 REAL    1      9:40–9:45 AM    4.49      1:45–1:52 PM   15.00  +10.510  $+1051.00  WIN 
  2026-01-16      442.5 REAL    1      9:40–9:45 AM    4.97      1:45–1:52 PM    0.35   -4.625   $-462.49  LOSS
  2026-01-23      447.5 REAL    1      9:40–9:45 AM    2.04      1:45–1:52 PM    0.72   -1.313   $-131.31  LOSS
  2026-01-30      430.0 REAL    1      9:40–9:45 AM    1.98      1:45–1:52 PM    4.61   +2.634   $+263.43  WIN 
  2026-02-06      400.0 REAL    1      9:40–9:45 AM    5.68      1:45–1:52 PM   12.68   +7.001   $+700.11  WIN 
  2026-02-13      415.0 REAL    1      9:40–9:45 AM    2.55      1:45–1:52 PM    8.69   +6.145   $+614.49  WIN 
  2026-02-20      407.5 REAL    1      9:40–9:45 AM    4.16      1:45–1:52 PM    5.54   +1.376   $+137.57  WIN 
  2026-02-27      402.5 REAL    1      9:40–9:45 AM    3.24      1:45–1:52 PM    0.32   -2.918   $-291.77  LOSS
  2026-03-06      397.5 REAL    1      9:40–9:45 AM    2.49      1:45–1:52 PM    2.67   +0.180    $+18.00  WIN 
  2026-03-13      397.5 REAL    1      9:40–9:45 AM    2.92      1:45–1:52 PM    0.25   -2.665   $-266.46  LOSS
  2026-03-20      377.5 REAL    1      9:40–9:45 AM    2.01      1:45–1:52 PM    0.06   -1.953   $-195.34  LOSS
  2026-03-27      370.0 REAL    2      9:40–9:45 AM    0.97      1:45–1:52 PM    0.02   -0.948   $-189.67  LOSS
  2026-04-03      365.0 REAL    1      9:40–9:45 AM    4.54      1:45–1:52 PM    0.32   -4.221   $-422.11  LOSS
  2026-04-10      347.5 REAL    1      9:40–9:45 AM    2.57      1:45–1:52 PM    0.20   -2.376   $-237.63  LOSS
  2026-04-17      395.0 REAL    1      9:40–9:45 AM    3.31      1:45–1:52 PM    6.94   +3.627   $+362.71  WIN 
  2026-04-24      375.0 REAL    1      9:40–9:45 AM    5.76      1:45–1:52 PM    1.79   -3.968   $-396.80  LOSS
  2026-05-01      385.0 REAL    1      9:40–9:45 AM    1.83      1:45–1:52 PM   11.92  +10.086  $+1008.63  WIN 
  2026-05-08      420.0 REAL    1      9:40–9:45 AM    3.86      1:45–1:52 PM    7.29   +3.428   $+342.80  WIN 
  2026-05-15      432.5 REAL    1      9:40–9:45 AM    2.34      1:45–1:52 PM    0.38   -1.959   $-195.91  LOSS
  2026-05-22      425.0 REAL    1      9:40–9:45 AM    2.43      1:45–1:52 PM    5.41   +2.980   $+298.03  WIN 
  2026-05-29      437.5 REAL    1      9:40–9:45 AM    4.47      1:45–1:52 PM    1.77   -2.693   $-269.31  LOSS
  2026-06-05      422.5 REAL    1      9:40–9:45 AM    1.30      1:45–1:52 PM    0.02   -1.284   $-128.40  LOSS
  2026-06-12      400.0 REAL    1      9:40–9:45 AM    5.33      1:45–1:52 PM    3.53   -1.802   $-180.20  LOSS
  2026-06-19      397.5 REAL    1      9:40–9:45 AM    1.12      1:45–1:52 PM    1.13   +0.002     $+0.17  WIN 
  2026-06-26      370.0 REAL    1      9:40–9:45 AM    4.54      1:45–1:52 PM   15.85  +11.310  $+1131.00  WIN 

  SUMMARY (optimal frames)  trades: 102   wins: 43/102   win rate: 42.2%   total P&L: $+9,686.37   avg/trade: $+94.96
           best day: $+1906.49   worst day: $-482.43   skipped (no data): 3
           premium spent: $39,683.00   return on spend: +24.4%

  TSLA CALLS — HEATMAPS   (entry-frame start ↓  exit-frame start →   cyan = chosen optimal)

  Each cell = best frame pair starting in that 30-min bucket (best over all durations).

  1) WIN RATE %  (wins ÷ trades)
    Entry |   9:30  10:00  10:30  11:00  11:30  12:00  12:30   1:00   1:30   2:00   2:30   3:00   3:30
  --------+-------------------------------------------------------------------------------------------
     9:30 |    39%    38%    38%    38%    38%    37%    39%    40%    42%    40%    40%    39%    38%
    10:00 |      ·    36%    45%    42%    47%    37%    40%    40%    40%    38%    39%    40%    37%
    10:30 |      ·      ·    43%    44%    46%    38%    47%    46%    47%    42%    37%    37%    39%
    11:00 |      ·      ·      ·    50%    47%    40%    40%    39%    39%    40%    35%    36%    34%
    11:30 |      ·      ·      ·      ·    49%    44%    42%    44%    45%    44%    37%    37%    35%
    12:00 |      ·      ·      ·      ·      ·    44%    44%    42%    45%    45%    41%    39%    37%
    12:30 |      ·      ·      ·      ·      ·      ·    44%    44%    43%    45%    43%    36%    36%
     1:00 |      ·      ·      ·      ·      ·      ·      ·    53%    51%    45%    41%    33%    34%
     1:30 |      ·      ·      ·      ·      ·      ·      ·      ·    51%    44%    37%    30%    33%
     2:00 |      ·      ·      ·      ·      ·      ·      ·      ·      ·    46%    43%    30%    37%
     2:30 |      ·      ·      ·      ·      ·      ·      ·      ·      ·      ·    43%    38%    39%
     3:00 |      ·      ·      ·      ·      ·      ·      ·      ·      ·      ·      ·    40%    43%
     3:30 |      ·      ·      ·      ·      ·      ·      ·      ·      ·      ·      ·      ·    39%

  2) WIN COUNT  (number of winning trades)
    Entry |   9:30  10:00  10:30  11:00  11:30  12:00  12:30   1:00   1:30   2:00   2:30   3:00   3:30
  --------+-------------------------------------------------------------------------------------------
     9:30 |     41     40     40     40     40     39     41     41     43     41     41     39     38
    10:00 |      ·     38     47     44     49     39     42     41     41     39     40     40     37
    10:30 |      ·      ·     45     46     48     40     49     47     48     43     38     37     39
    11:00 |      ·      ·      ·     52     49     42     42     40     40     41     36     36     34
    11:30 |      ·      ·      ·      ·     51     46     44     45     45     45     38     38     35
    12:00 |      ·      ·      ·      ·      ·     46     46     43     45     46     42     39     37
    12:30 |      ·      ·      ·      ·      ·      ·     46     44     43     45     44     36     36
     1:00 |      ·      ·      ·      ·      ·      ·      ·     54     51     46     41     33     34
     1:30 |      ·      ·      ·      ·      ·      ·      ·      ·     50     44     37     30     33
     2:00 |      ·      ·      ·      ·      ·      ·      ·      ·      ·     45     43     31     37
     2:30 |      ·      ·      ·      ·      ·      ·      ·      ·      ·      ·     43     38     39
     3:00 |      ·      ·      ·      ·      ·      ·      ·      ·      ·      ·      ·     40     43
     3:30 |      ·      ·      ·      ·      ·      ·      ·      ·      ·      ·      ·      ·     39

  3a) AVG P&L PER TRADE  ($ per contract)
    Entry |   9:30  10:00  10:30  11:00  11:30  12:00  12:30   1:00   1:30   2:00   2:30   3:00   3:30
  --------+-------------------------------------------------------------------------------------------
     9:30 |    +55    +61    +66    +71    +75    +78    +83    +90    +94    +89    +80    +60    +55
    10:00 |      ·    +43    +43    +53    +54    +55    +60    +66    +73    +69    +56    +30    +32
    10:30 |      ·      ·    +31    +40    +47    +41    +46    +52    +59    +54    +39    +14    +17
    11:00 |      ·      ·      ·    +24    +32    +24    +29    +35    +42    +33    +18    -12    -54
    11:30 |      ·      ·      ·      ·     +6    +21    +29    +34    +42    +31    +14    -22    -20
    12:00 |      ·      ·      ·      ·      ·    +28    +35    +40    +47    +38    +19    -13    -19
    12:30 |      ·      ·      ·      ·      ·      ·    +10    +14    +20    +11    -10    -43    -29
     1:00 |      ·      ·      ·      ·      ·      ·      ·    +13    +21    +11     -9    -45    -42
     1:30 |      ·      ·      ·      ·      ·      ·      ·      ·    +14     +7    -14    -51    -50
     2:00 |      ·      ·      ·      ·      ·      ·      ·      ·      ·     +1     -6    -31    -13
     2:30 |      ·      ·      ·      ·      ·      ·      ·      ·      ·      ·     -5    -14    +13
     3:00 |      ·      ·      ·      ·      ·      ·      ·      ·      ·      ·      ·     -3    +37
     3:30 |      ·      ·      ·      ·      ·      ·      ·      ·      ·      ·      ·      ·    +49

  3b) TOTAL P&L  ($ per contract, summed over all Fridays)
    Entry |    9:30   10:00   10:30   11:00   11:30   12:00   12:30    1:00    1:30    2:00    2:30    3:00    3:30
  --------+--------------------------------------------------------------------------------------------------------
     9:30 |   +5733   +6446   +6956   +7499   +7925   +8149   +8738   +9177   +9586   +9049   +8157   +5956   +5559
    10:00 |       ·   +4513   +4469   +5528   +5701   +5753   +6317   +6715   +7463   +6991   +5710   +3046   +3271
    10:30 |       ·       ·   +3299   +4161   +4926   +4319   +4859   +5274   +6022   +5484   +4008   +1357   +1725
    11:00 |       ·       ·       ·   +2520   +3379   +2469   +3086   +3533   +4277   +3414   +1859   -1169   -5424
    11:30 |       ·       ·       ·       ·    +642   +2232   +3002   +3499   +4174   +3188   +1381   -2285   -2035
    12:00 |       ·       ·       ·       ·       ·   +2969   +3704   +4123   +4695   +3924   +1946   -1349   -1916
    12:30 |       ·       ·       ·       ·       ·       ·   +1037   +1414   +1964   +1135   -1040   -4254   -2876
     1:00 |       ·       ·       ·       ·       ·       ·       ·   +1327   +2084   +1122    -876   -4523   -4218
     1:30 |       ·       ·       ·       ·       ·       ·       ·       ·   +1348    +697   -1423   -5084   -5008
     2:00 |       ·       ·       ·       ·       ·       ·       ·       ·       ·    +110    -576   -3170   -1299
     2:30 |       ·       ·       ·       ·       ·       ·       ·       ·       ·       ·    -518   -1455   +1264
     3:00 |       ·       ·       ·       ·       ·       ·       ·       ·       ·       ·       ·    -321   +3715
     3:30 |       ·       ·       ·       ·       ·       ·       ·       ·       ·       ·       ·       ·   +4894

──────────────────────────────────────────────────────────────────────────────────────
  TSLA CALLS — TOP 15 FRAME PAIRS (by win_rate × avg payoff)
──────────────────────────────────────────────────────────────────────────────────────
   #        Entry frame         Exit frame  Trades   Wins    Win%    Avg P&L     Total P&L
  --  -----------------  -----------------  ------  -----  ------  ---------  ------------
   1       9:40–9:45 AM       1:45–1:50 PM     102     43  42.2%    $+93.98    $+9,585.93
   2       9:40–9:45 AM       1:45–1:55 PM     102     41  40.2%    $+95.73    $+9,764.48
   3       9:30–9:35 AM       1:45–1:50 PM     102     41  40.2%    $+95.21    $+9,711.88
   4       9:40–9:45 AM       1:45–2:00 PM     102     41  40.2%    $+95.04    $+9,694.16
   5       9:30–9:35 AM       1:45–1:55 PM     102     40  39.2%    $+97.00    $+9,893.86
   6       9:30–9:35 AM       1:50–2:00 PM     102     40  39.2%    $+96.97    $+9,891.26
   7       9:30–9:35 AM       1:45–2:00 PM     102     40  39.2%    $+96.30    $+9,822.14
   8       9:40–9:45 AM       1:40–1:55 PM     102     41  40.2%    $+93.92    $+9,580.31
   9       9:40–9:45 AM       1:40–2:00 PM     102     41  40.2%    $+93.87    $+9,574.43
  10       9:30–9:45 AM       1:50–2:00 PM     102     41  40.2%    $+93.59    $+9,545.79
  11       9:30–9:45 AM       1:45–2:00 PM     102     41  40.2%    $+92.91    $+9,476.68
  12       9:30–9:35 AM       1:40–1:55 PM     102     40  39.2%    $+95.21    $+9,711.61
  13       9:30–9:35 AM       1:40–2:00 PM     102     40  39.2%    $+95.14    $+9,704.21
  14       9:40–9:45 AM       1:35–1:55 PM     102     41  40.2%    $+92.36    $+9,420.95
  15       9:30–9:35 AM       1:50–2:05 PM     102     40  39.2%    $+94.65    $+9,653.88


██████████████████████████████████████████████████████████████████████████████████████
  OUTLIERS REMOVED (winning trades > $2,000)  —  TSLA CALLS re-optimized
██████████████████████████████████████████████████████████████████████████████████████
  (chosen frames had no winning outliers)
======================================================================================
  TSLA CALLS
======================================================================================
  Optimal entry frame : 9:40–9:45 AM   (5 min)
  Optimal exit frame  : 1:45–1:52 PM   (7 min)
  Data source         : REAL prices

  Date           Strike  Src  Qty       Entry frame    Buy$        Exit frame   Sell$   P&L/sh      P&L $  Result
  ------------ -------- ---- ---- ----------------- ------- ----------------- ------- -------- ----------  ------
  2024-06-28      200.0 REAL    1      9:40–9:45 AM    2.48      1:45–1:52 PM    0.15   -2.331   $-233.09  LOSS
  2024-07-05      252.5 REAL    2      9:40–9:45 AM    0.80      1:45–1:52 PM    0.20   -0.599   $-119.71  LOSS
  2024-07-12      237.5 REAL    1      9:40–9:45 AM    6.26      1:45–1:52 PM   11.90   +5.644   $+564.40  WIN 
  2024-07-19      247.5 REAL    1      9:40–9:45 AM    2.22      1:45–1:52 PM    0.04   -2.178   $-217.83  LOSS
  2024-07-26      222.5 REAL    2      9:40–9:45 AM    0.87      1:45–1:52 PM    0.46   -0.405    $-81.03  LOSS
  2024-08-02      212.5 REAL    1      9:40–9:45 AM    4.05      1:45–1:52 PM    0.09   -3.968   $-396.83  LOSS
  2024-08-09      195.0 REAL    1      9:40–9:45 AM    3.86      1:45–1:52 PM    5.11   +1.257   $+125.73  WIN 
  2024-08-16      212.5 REAL    1      9:40–9:45 AM    4.86      1:45–1:52 PM    4.90   +0.036     $+3.63  WIN 
  2024-08-23      215.0 REAL    1      9:40–9:45 AM    3.23      1:45–1:52 PM    4.47   +1.242   $+124.20  WIN 
  2024-08-30      210.0 REAL    1      9:40–9:45 AM    1.19      1:45–1:52 PM    1.72   +0.529    $+52.91  WIN 
  2024-09-06      232.5 REAL    2      9:40–9:45 AM    0.65      1:45–1:52 PM    0.01   -0.638   $-127.60  LOSS
  2024-09-13      227.5 REAL    1      9:40–9:45 AM    5.41      1:45–1:52 PM    2.31   -3.101   $-310.14  LOSS
  2024-09-20      240.0 REAL    1      9:40–9:45 AM    2.50      1:45–1:52 PM    0.45   -2.057   $-205.69  LOSS
  2024-09-27      257.5 REAL    1      9:40–9:45 AM    1.69      1:45–1:52 PM    2.21   +0.519    $+51.89  WIN 
  2024-10-04      247.5 REAL    1      9:40–9:45 AM    2.63      1:45–1:52 PM    2.38   -0.244    $-24.37  LOSS
  2024-10-11      220.0 REAL    1      9:40–9:45 AM    2.35      1:45–1:52 PM    0.81   -1.538   $-153.77  LOSS
  2024-10-18      220.0 REAL    1      9:40–9:45 AM    1.93      1:45–1:52 PM    1.42   -0.514    $-51.40  LOSS
  2024-10-25      257.5 REAL    1      9:40–9:45 AM    7.58      1:45–1:52 PM    9.40   +1.820   $+182.00  WIN 
  2024-11-01      252.5 REAL    1      9:40–9:45 AM    2.34      1:45–1:52 PM    0.04   -2.299   $-229.89  LOSS
  2024-11-08      300.0 REAL    1      9:40–9:45 AM    5.60      1:45–1:52 PM   24.66  +19.065  $+1906.49  WIN 
  2024-11-15      310.0 REAL    1      9:40–9:45 AM    6.40      1:45–1:52 PM    7.92   +1.517   $+151.67  WIN 
  2024-11-22      342.5 REAL    1      9:40–9:45 AM    2.77      1:45–1:52 PM   10.80   +8.028   $+802.80  WIN 
  2024-11-29      335.0 REAL    —      9:40–9:45 AM       —      1:45–1:52 PM       —        —          —  skip
  2024-12-06      375.0 REAL    1      9:40–9:45 AM    3.22      1:45–1:52 PM    2.37   -0.852    $-85.20  LOSS
  2024-12-13      417.5 REAL    1      9:40–9:45 AM    4.88      1:45–1:52 PM   14.07   +9.186   $+918.60  WIN 
  2024-12-20      427.5 REAL    1      9:40–9:45 AM    5.22      1:45–1:52 PM   13.50   +8.281   $+828.07  WIN 
  2024-12-27      447.5 REAL    1      9:40–9:45 AM    2.74      1:45–1:52 PM    0.14   -2.603   $-260.29  LOSS
  2025-01-03      380.0 REAL    1      9:40–9:45 AM    8.59      1:45–1:52 PM   21.92  +13.336  $+1333.65  WIN 
  2025-01-10      390.0 REAL    1      9:40–9:45 AM    7.92      1:45–1:52 PM    6.76   -1.162   $-116.23  LOSS
  2025-01-17      422.5 REAL    1      9:40–9:45 AM    5.53      1:45–1:52 PM   15.56  +10.029  $+1002.93  WIN 
  2025-01-24      415.0 REAL    1      9:40–9:45 AM    3.94      1:45–1:52 PM    0.28   -3.661   $-366.14  LOSS
  2025-01-31      402.5 REAL    1      9:40–9:45 AM   10.17      1:45–1:52 PM   11.03   +0.860    $+86.00  WIN 
  2025-02-07      372.5 REAL    1      9:40–9:45 AM    5.02      1:45–1:52 PM    0.35   -4.667   $-466.71  LOSS
  2025-02-14      360.0 REAL    1      9:40–9:45 AM    1.82      1:45–1:52 PM    0.24   -1.579   $-157.94  LOSS
  2025-02-21      352.5 REAL    1      9:40–9:45 AM    2.58      1:45–1:52 PM    0.07   -2.509   $-250.86  LOSS
  2025-02-28      277.5 REAL    1      9:40–9:45 AM    6.16      1:45–1:52 PM    9.78   +3.622   $+362.20  WIN 
  2025-03-07      262.5 REAL    1      9:40–9:45 AM    5.09      1:45–1:52 PM    2.49   -2.597   $-259.74  LOSS
  2025-03-14      247.5 REAL    1      9:40–9:45 AM    3.31      1:45–1:52 PM    1.94   -1.365   $-136.51  LOSS
  2025-03-21      237.5 REAL    1      9:40–9:45 AM    5.80      1:45–1:52 PM    9.81   +4.015   $+401.54  WIN 
  2025-03-28      275.0 REAL    1      9:40–9:45 AM    3.04      1:45–1:52 PM    0.05   -2.983   $-298.31  LOSS
  2025-04-04      260.0 REAL    1      9:40–9:45 AM    1.67      1:45–1:52 PM    0.05   -1.619   $-161.93  LOSS
  2025-04-11      252.5 REAL    1      9:40–9:45 AM    6.16      1:45–1:52 PM    1.34   -4.824   $-482.43  LOSS
  2025-04-18      242.5 REAL    1      9:40–9:45 AM    2.70      1:45–1:52 PM    0.73   -1.964   $-196.37  LOSS
  2025-04-25      262.5 REAL    1      9:40–9:45 AM    3.99      1:45–1:52 PM   20.21  +16.224  $+1622.40  WIN 
  2025-05-02      287.5 REAL    1      9:40–9:45 AM    2.25      1:45–1:52 PM    6.49   +4.241   $+424.11  WIN 
  2025-05-09      292.5 REAL    1      9:40–9:45 AM    7.62      1:45–1:52 PM    7.70   +0.081     $+8.06  WIN 
  2025-05-16      347.5 REAL    1      9:40–9:45 AM    4.29      1:45–1:52 PM    1.68   -2.611   $-261.06  LOSS
  2025-05-23      335.0 REAL    1      9:40–9:45 AM    5.05      1:45–1:52 PM    7.00   +1.946   $+194.57  WIN 
  2025-05-30      357.5 REAL    1      9:40–9:45 AM    2.90      1:45–1:52 PM    0.20   -2.695   $-269.46  LOSS
  2025-06-06      295.0 REAL    1      9:40–9:45 AM    7.49      1:45–1:52 PM    6.25   -1.241   $-124.14  LOSS
  2025-06-13      315.0 REAL    1      9:40–9:45 AM    4.75      1:45–1:52 PM   16.42  +11.672  $+1167.23  WIN 
  2025-06-20      327.5 REAL    1      9:40–9:45 AM    2.92      1:45–1:52 PM    0.14   -2.777   $-277.74  LOSS
  2025-06-27      322.5 REAL    1      9:40–9:45 AM    3.39      1:45–1:52 PM    1.50   -1.885   $-188.46  LOSS
  2025-07-04      317.5 REAL    —      9:40–9:45 AM       —      1:45–1:52 PM       —        —          —  skip
  2025-07-11      307.5 REAL    1      9:40–9:45 AM    2.18      1:45–1:52 PM    3.24   +1.067   $+106.69  WIN 
  2025-07-18      322.5 REAL    1      9:40–9:45 AM    3.35      1:45–1:52 PM    5.13   +1.779   $+177.93  WIN 
  2025-07-25      310.0 REAL    1      9:40–9:45 AM    3.16      1:45–1:52 PM    7.71   +4.553   $+455.34  WIN 
  2025-08-01      307.5 REAL    1      9:40–9:45 AM    1.19      1:45–1:52 PM    0.29   -0.896    $-89.60  LOSS
  2025-08-08      322.5 REAL    1      9:40–9:45 AM    6.73      1:45–1:52 PM    7.12   +0.384    $+38.40  WIN 
  2025-08-15      337.5 REAL    1      9:40–9:45 AM    1.59      1:45–1:52 PM    0.07   -1.516   $-151.60  LOSS
  2025-08-22      317.5 REAL    1      9:40–9:45 AM    7.79      1:45–1:52 PM   20.80  +13.014  $+1301.40  WIN 
  2025-08-29      347.5 REAL    1      9:40–9:45 AM    1.99      1:45–1:52 PM    0.01   -1.978   $-197.80  LOSS
  2025-09-05      350.0 REAL    1      9:40–9:45 AM    4.49      1:45–1:52 PM    1.65   -2.842   $-284.20  LOSS
  2025-09-12      372.5 REAL    1      9:40–9:45 AM    7.35      1:45–1:52 PM   21.83  +14.484  $+1448.40  WIN 
  2025-09-19      425.0 REAL    1      9:40–9:45 AM    5.02      1:45–1:52 PM    0.88   -4.141   $-414.14  LOSS
  2025-09-26      427.5 REAL    1      9:40–9:45 AM    4.55      1:45–1:52 PM    5.95   +1.402   $+140.20  WIN 
  2025-10-03      442.5 REAL    1      9:40–9:45 AM    3.06      1:45–1:52 PM    0.02   -3.046   $-304.63  LOSS
  2025-10-10      437.5 REAL    1      9:40–9:45 AM    4.47      1:45–1:52 PM    0.03   -4.441   $-444.10  LOSS
  2025-10-17      425.0 REAL    1      9:40–9:45 AM    5.90      1:45–1:52 PM   12.70   +6.804   $+680.37  WIN 
  2025-10-24      447.5 REAL    1      9:40–9:45 AM    2.53      1:45–1:52 PM    0.09   -2.443   $-244.34  LOSS
  2025-10-31      447.5 REAL    1      9:40–9:45 AM    4.70      1:45–1:52 PM    2.30   -2.400   $-239.97  LOSS
  2025-11-07      435.0 REAL    1      9:40–9:45 AM    3.64      1:45–1:52 PM    0.65   -2.989   $-298.86  LOSS
  2025-11-14      390.0 REAL    1      9:40–9:45 AM    6.21      1:45–1:52 PM   15.87   +9.655   $+965.55  WIN 
  2025-11-21      400.0 REAL    1      9:40–9:45 AM    4.97      1:45–1:52 PM    2.56   -2.403   $-240.31  LOSS
  2025-11-28      430.0 REAL    —      9:40–9:45 AM       —      1:45–1:52 PM       —        —          —  skip
  2025-12-05      455.0 REAL    1      9:40–9:45 AM    3.40      1:45–1:52 PM    1.10   -2.295   $-229.51  LOSS
  2025-12-12      452.5 REAL    1      9:40–9:45 AM    7.31      1:45–1:52 PM    3.57   -3.736   $-373.57  LOSS
  2025-12-19      487.5 REAL    1      9:40–9:45 AM    2.64      1:45–1:52 PM    0.38   -2.264   $-226.40  LOSS
  2025-12-26      487.5 REAL    1      9:40–9:45 AM    1.58      1:45–1:52 PM    0.05   -1.534   $-153.43  LOSS
  2026-01-02      457.5 REAL    1      9:40–9:45 AM    1.01      1:45–1:52 PM    0.01   -1.002   $-100.20  LOSS
  2026-01-09      432.5 REAL    1      9:40–9:45 AM    4.49      1:45–1:52 PM   15.00  +10.510  $+1051.00  WIN 
  2026-01-16      442.5 REAL    1      9:40–9:45 AM    4.97      1:45–1:52 PM    0.35   -4.625   $-462.49  LOSS
  2026-01-23      447.5 REAL    1      9:40–9:45 AM    2.04      1:45–1:52 PM    0.72   -1.313   $-131.31  LOSS
  2026-01-30      430.0 REAL    1      9:40–9:45 AM    1.98      1:45–1:52 PM    4.61   +2.634   $+263.43  WIN 
  2026-02-06      400.0 REAL    1      9:40–9:45 AM    5.68      1:45–1:52 PM   12.68   +7.001   $+700.11  WIN 
  2026-02-13      415.0 REAL    1      9:40–9:45 AM    2.55      1:45–1:52 PM    8.69   +6.145   $+614.49  WIN 
  2026-02-20      407.5 REAL    1      9:40–9:45 AM    4.16      1:45–1:52 PM    5.54   +1.376   $+137.57  WIN 
  2026-02-27      402.5 REAL    1      9:40–9:45 AM    3.24      1:45–1:52 PM    0.32   -2.918   $-291.77  LOSS
  2026-03-06      397.5 REAL    1      9:40–9:45 AM    2.49      1:45–1:52 PM    2.67   +0.180    $+18.00  WIN 
  2026-03-13      397.5 REAL    1      9:40–9:45 AM    2.92      1:45–1:52 PM    0.25   -2.665   $-266.46  LOSS
  2026-03-20      377.5 REAL    1      9:40–9:45 AM    2.01      1:45–1:52 PM    0.06   -1.953   $-195.34  LOSS
  2026-03-27      370.0 REAL    2      9:40–9:45 AM    0.97      1:45–1:52 PM    0.02   -0.948   $-189.67  LOSS
  2026-04-03      365.0 REAL    1      9:40–9:45 AM    4.54      1:45–1:52 PM    0.32   -4.221   $-422.11  LOSS
  2026-04-10      347.5 REAL    1      9:40–9:45 AM    2.57      1:45–1:52 PM    0.20   -2.376   $-237.63  LOSS
  2026-04-17      395.0 REAL    1      9:40–9:45 AM    3.31      1:45–1:52 PM    6.94   +3.627   $+362.71  WIN 
  2026-04-24      375.0 REAL    1      9:40–9:45 AM    5.76      1:45–1:52 PM    1.79   -3.968   $-396.80  LOSS
  2026-05-01      385.0 REAL    1      9:40–9:45 AM    1.83      1:45–1:52 PM   11.92  +10.086  $+1008.63  WIN 
  2026-05-08      420.0 REAL    1      9:40–9:45 AM    3.86      1:45–1:52 PM    7.29   +3.428   $+342.80  WIN 
  2026-05-15      432.5 REAL    1      9:40–9:45 AM    2.34      1:45–1:52 PM    0.38   -1.959   $-195.91  LOSS
  2026-05-22      425.0 REAL    1      9:40–9:45 AM    2.43      1:45–1:52 PM    5.41   +2.980   $+298.03  WIN 
  2026-05-29      437.5 REAL    1      9:40–9:45 AM    4.47      1:45–1:52 PM    1.77   -2.693   $-269.31  LOSS
  2026-06-05      422.5 REAL    1      9:40–9:45 AM    1.30      1:45–1:52 PM    0.02   -1.284   $-128.40  LOSS
  2026-06-12      400.0 REAL    1      9:40–9:45 AM    5.33      1:45–1:52 PM    3.53   -1.802   $-180.20  LOSS
  2026-06-19      397.5 REAL    1      9:40–9:45 AM    1.12      1:45–1:52 PM    1.13   +0.002     $+0.17  WIN 
  2026-06-26      370.0 REAL    1      9:40–9:45 AM    4.54      1:45–1:52 PM   15.85  +11.310  $+1131.00  WIN 

  SUMMARY (optimal frames)  trades: 102   wins: 43/102   win rate: 42.2%   total P&L: $+9,686.37   avg/trade: $+94.96
           best day: $+1906.49   worst day: $-482.43   skipped (no data): 3
           premium spent: $39,683.00   return on spend: +24.4%

  TSLA CALLS — HEATMAPS   (entry-frame start ↓  exit-frame start →   cyan = chosen optimal)

  Each cell = best frame pair starting in that 30-min bucket (best over all durations).

  1) WIN RATE %  (wins ÷ trades)
    Entry |   9:30  10:00  10:30  11:00  11:30  12:00  12:30   1:00   1:30   2:00   2:30   3:00   3:30
  --------+-------------------------------------------------------------------------------------------
     9:30 |    39%    38%    38%    38%    38%    37%    39%    40%    42%    40%    37%    39%    37%
    10:00 |      ·    36%    45%    42%    47%    37%    40%    40%    40%    38%    39%    40%    36%
    10:30 |      ·      ·    43%    44%    46%    38%    47%    46%    47%    42%    37%    37%    38%
    11:00 |      ·      ·      ·    50%    47%    40%    40%    39%    39%    40%    35%    36%    34%
    11:30 |      ·      ·      ·      ·    49%    44%    42%    44%    45%    44%    37%    37%    35%
    12:00 |      ·      ·      ·      ·      ·    44%    44%    42%    45%    45%    41%    39%    37%
    12:30 |      ·      ·      ·      ·      ·      ·    44%    44%    43%    45%    43%    36%    36%
     1:00 |      ·      ·      ·      ·      ·      ·      ·    53%    51%    45%    41%    33%    34%
     1:30 |      ·      ·      ·      ·      ·      ·      ·      ·    51%    44%    37%    30%    33%
     2:00 |      ·      ·      ·      ·      ·      ·      ·      ·      ·    46%    43%    30%    37%
     2:30 |      ·      ·      ·      ·      ·      ·      ·      ·      ·      ·    43%    38%    39%
     3:00 |      ·      ·      ·      ·      ·      ·      ·      ·      ·      ·      ·    40%    43%
     3:30 |      ·      ·      ·      ·      ·      ·      ·      ·      ·      ·      ·      ·    39%

  2) WIN COUNT  (number of winning trades)
    Entry |   9:30  10:00  10:30  11:00  11:30  12:00  12:30   1:00   1:30   2:00   2:30   3:00   3:30
  --------+-------------------------------------------------------------------------------------------
     9:30 |     41     40     40     40     40     39     41     41     43     41     38     39     37
    10:00 |      ·     38     47     44     49     39     42     41     41     39     40     40     36
    10:30 |      ·      ·     45     46     48     40     49     47     48     43     38     37     38
    11:00 |      ·      ·      ·     52     49     42     42     40     40     41     36     36     34
    11:30 |      ·      ·      ·      ·     51     46     44     45     45     45     38     38     35
    12:00 |      ·      ·      ·      ·      ·     46     46     43     45     46     42     39     37
    12:30 |      ·      ·      ·      ·      ·      ·     46     44     43     45     44     36     36
     1:00 |      ·      ·      ·      ·      ·      ·      ·     54     51     46     41     33     34
     1:30 |      ·      ·      ·      ·      ·      ·      ·      ·     50     44     37     30     33
     2:00 |      ·      ·      ·      ·      ·      ·      ·      ·      ·     45     43     31     37
     2:30 |      ·      ·      ·      ·      ·      ·      ·      ·      ·      ·     43     38     39
     3:00 |      ·      ·      ·      ·      ·      ·      ·      ·      ·      ·      ·     40     43
     3:30 |      ·      ·      ·      ·      ·      ·      ·      ·      ·      ·      ·      ·     39

  3a) AVG P&L PER TRADE  ($ per contract)
    Entry |   9:30  10:00  10:30  11:00  11:30  12:00  12:30   1:00   1:30   2:00   2:30   3:00   3:30
  --------+-------------------------------------------------------------------------------------------
     9:30 |    +55    +61    +66    +71    +75    +78    +83    +89    +94    +89    +78    +60    +32
    10:00 |      ·    +43    +43    +53    +54    +55    +60    +66    +73    +69    +56    +30    +11
    10:30 |      ·      ·    +31    +40    +47    +41    +46    +52    +59    +54    +39    +14     -7
    11:00 |      ·      ·      ·    +24    +32    +24    +29    +35    +42    +33    +18    -12    -54
    11:30 |      ·      ·      ·      ·     +6    +21    +29    +34    +42    +31    +14    -22    -20
    12:00 |      ·      ·      ·      ·      ·    +28    +35    +40    +47    +38    +19    -13    -19
    12:30 |      ·      ·      ·      ·      ·      ·    +10    +14    +20    +11    -10    -43    -29
     1:00 |      ·      ·      ·      ·      ·      ·      ·    +13    +21    +11     -9    -45    -42
     1:30 |      ·      ·      ·      ·      ·      ·      ·      ·    +14     +7    -14    -51    -50
     2:00 |      ·      ·      ·      ·      ·      ·      ·      ·      ·     +1     -6    -31    -13
     2:30 |      ·      ·      ·      ·      ·      ·      ·      ·      ·      ·     -5    -14    +13
     3:00 |      ·      ·      ·      ·      ·      ·      ·      ·      ·      ·      ·     -3    +37
     3:30 |      ·      ·      ·      ·      ·      ·      ·      ·      ·      ·      ·      ·    +49

  3b) TOTAL P&L  ($ per contract, summed over all Fridays)
    Entry |    9:30   10:00   10:30   11:00   11:30   12:00   12:30    1:00    1:30    2:00    2:30    3:00    3:30
  --------+--------------------------------------------------------------------------------------------------------
     9:30 |   +5733   +6446   +6956   +7499   +7925   +8149   +8738   +9051   +9586   +9049   +8006   +5956   +3169
    10:00 |       ·   +4513   +4469   +5528   +5701   +5753   +6317   +6715   +7463   +6991   +5710   +3046   +1142
    10:30 |       ·       ·   +3299   +4161   +4926   +4319   +4859   +5274   +6022   +5484   +4008   +1357    -663
    11:00 |       ·       ·       ·   +2520   +3379   +2469   +3086   +3533   +4277   +3414   +1859   -1169   -5424
    11:30 |       ·       ·       ·       ·    +642   +2232   +3002   +3499   +4174   +3188   +1381   -2285   -2035
    12:00 |       ·       ·       ·       ·       ·   +2969   +3704   +4123   +4695   +3924   +1946   -1349   -1916
    12:30 |       ·       ·       ·       ·       ·       ·   +1037   +1414   +1964   +1135   -1040   -4254   -2876
     1:00 |       ·       ·       ·       ·       ·       ·       ·   +1327   +2084   +1122    -876   -4523   -4218
     1:30 |       ·       ·       ·       ·       ·       ·       ·       ·   +1348    +697   -1423   -5084   -5008
     2:00 |       ·       ·       ·       ·       ·       ·       ·       ·       ·    +110    -576   -3170   -1299
     2:30 |       ·       ·       ·       ·       ·       ·       ·       ·       ·       ·    -518   -1455   +1264
     3:00 |       ·       ·       ·       ·       ·       ·       ·       ·       ·       ·       ·    -321   +3715
     3:30 |       ·       ·       ·       ·       ·       ·       ·       ·       ·       ·       ·       ·   +4894

──────────────────────────────────────────────────────────────────────────────────────
  TSLA CALLS — TOP 15 FRAME PAIRS (by win_rate × avg payoff)
──────────────────────────────────────────────────────────────────────────────────────
   #        Entry frame         Exit frame  Trades   Wins    Win%    Avg P&L     Total P&L
  --  -----------------  -----------------  ------  -----  ------  ---------  ------------
   1       9:40–9:45 AM       1:45–1:50 PM     102     43  42.2%    $+93.98    $+9,585.93
   2       9:40–9:45 AM       1:45–1:55 PM     102     41  40.2%    $+95.73    $+9,764.48
   3       9:40–9:45 AM       1:45–2:00 PM     102     41  40.2%    $+95.04    $+9,694.16
   4       9:40–9:45 AM       1:40–1:55 PM     102     41  40.2%    $+93.92    $+9,580.31
   5       9:40–9:45 AM       1:40–2:00 PM     102     41  40.2%    $+93.87    $+9,574.43
   6       9:30–9:45 AM       1:50–2:00 PM     102     41  40.2%    $+93.59    $+9,545.79
   7       9:30–9:45 AM       1:45–2:00 PM     102     41  40.2%    $+92.91    $+9,476.68
   8       9:40–9:45 AM       1:35–1:55 PM     102     41  40.2%    $+92.36    $+9,420.95
   9       9:40–9:45 AM       1:40–1:50 PM     102     41  40.2%    $+92.20    $+9,404.55
  10       9:30–9:45 AM       1:40–1:55 PM     102     41  40.2%    $+91.82    $+9,366.14
  11       9:40–9:45 AM       1:35–2:05 PM     102     41  40.2%    $+91.64    $+9,347.65
  12       9:30–9:45 AM       1:45–1:55 PM     102     40  39.2%    $+93.61    $+9,548.39
  13       9:30–9:50 AM       1:45–1:55 PM     102     41  40.2%    $+91.32    $+9,314.61
  14       9:30–9:50 AM       1:50–2:00 PM     102     41  40.2%    $+91.29    $+9,312.01
  15       9:30–9:45 AM       1:50–2:05 PM     102     41  40.2%    $+91.26    $+9,308.41

──────────────────────────────────────────────────────────────────────────────────────
  Saved CSV: C:\actions-runner\_work\EoD_OptionTrading\EoD_OptionTrading\results\tsla-friday-timeframe\backtest_tsla_friday_timeframe_calls_730days_2026-06-27_2334.csv
  Saved TXT: C:\actions-runner\_work\EoD_OptionTrading\EoD_OptionTrading\results\tsla-friday-timeframe\backtest_tsla_friday_timeframe_calls_730days_2026-06-27_2334.txt
  Saved TXT (outliers removed): C:\actions-runner\_work\EoD_OptionTrading\EoD_OptionTrading\results\tsla-friday-timeframe\backtest_tsla_friday_timeframe_calls_730days_2026-06-27_2334_outliers_removed.txt
──────────────────────────────────────────────────────────────────────────────────────


██████████████████████████████████████████████████████████████████████████████████████
  TSLA PUTS
██████████████████████████████████████████████████████████████████████████████████████
======================================================================================
  TSLA PUTS
======================================================================================
  Optimal entry frame : 3:06–3:11 PM   (5 min)
  Optimal exit frame  : 3:55–4:00 PM   (5 min)
  Data source         : REAL prices

  Date           Strike  Src  Qty       Entry frame    Buy$        Exit frame   Sell$   P&L/sh      P&L $  Result
  ------------ -------- ---- ---- ----------------- ------- ----------------- ------- -------- ----------  ------
  2024-06-28      200.0 REAL    1      3:06–3:11 PM    3.82      3:55–4:00 PM    2.15   -1.666   $-166.60  LOSS
  2024-07-05      252.5 REAL    1      3:06–3:11 PM    2.79      3:55–4:00 PM    1.06   -1.730   $-173.00  LOSS
  2024-07-12      237.5 REAL  100      3:06–3:11 PM    0.01      3:55–4:00 PM    0.01   +0.000     $+0.00  LOSS
  2024-07-19      247.5 REAL    1      3:06–3:11 PM    7.31      3:55–4:00 PM    7.97   +0.662    $+66.25  WIN 
  2024-07-26      222.5 REAL    1      3:06–3:11 PM    3.01      3:55–4:00 PM    2.99   -0.022     $-2.25  LOSS
  2024-08-02      212.5 REAL    1      3:06–3:11 PM    6.12      3:55–4:00 PM    4.83   -1.290   $-129.00  LOSS
  2024-08-09      195.0 REAL   84      3:06–3:11 PM    0.01      3:55–4:00 PM    0.01   -0.002    $-16.80  LOSS
  2024-08-16      212.5 REAL   30      3:06–3:11 PM    0.03      3:55–4:00 PM    0.01   -0.024    $-72.00  LOSS
  2024-08-23      215.0 REAL   84      3:06–3:11 PM    0.01      3:55–4:00 PM    0.01   -0.002    $-16.80  LOSS
  2024-08-30      210.0 REAL   10      3:06–3:11 PM    0.10      3:55–4:00 PM    0.01   -0.094    $-94.00  LOSS
  2024-09-06      232.5 REAL    1      3:06–3:11 PM   18.20      3:55–4:00 PM   20.80   +2.600   $+260.00  WIN 
  2024-09-13      227.5 REAL   11      3:06–3:11 PM    0.09      3:55–4:00 PM    0.01   -0.084    $-92.40  LOSS
  2024-09-20      240.0 REAL    1      3:06–3:11 PM    1.16      3:55–4:00 PM    1.48   +0.322    $+32.20  WIN 
  2024-09-27      257.5 REAL   14      3:06–3:11 PM    0.07      3:55–4:00 PM    0.01   -0.064    $-89.60  LOSS
  2024-10-04      247.5 REAL    8      3:06–3:11 PM    0.14      3:55–4:00 PM    0.01   -0.132   $-105.60  LOSS
  2024-10-11      220.0 REAL    1      3:06–3:11 PM    1.35      3:55–4:00 PM    2.15   +0.808    $+80.80  WIN 
  2024-10-18      220.0 REAL   22      3:06–3:11 PM    0.05      3:55–4:00 PM    0.01   -0.034    $-74.80  LOSS
  2024-10-25      257.5 REAL    —      3:06–3:11 PM       —      3:55–4:00 PM       —        —          —  skip
  2024-11-01      252.5 REAL    1      3:06–3:11 PM    4.01      3:55–4:00 PM    3.48   -0.528    $-52.80  LOSS
  2024-11-08      300.0 REAL  100      3:06–3:11 PM    0.01      3:55–4:00 PM    0.01   +0.000     $+0.00  LOSS
  2024-11-15      310.0 REAL   84      3:06–3:11 PM    0.01      3:55–4:00 PM    0.01   -0.002    $-16.80  LOSS
  2024-11-22      342.5 REAL   67      3:06–3:11 PM    0.01      3:55–4:00 PM    0.01   -0.005    $-33.50  LOSS
  2024-11-29      335.0 REAL    —      3:06–3:11 PM       —      3:55–4:00 PM       —        —          —  skip
  2024-12-06      375.0 REAL    9      3:06–3:11 PM    0.12      3:55–4:00 PM    0.01   -0.106    $-95.40  LOSS
  2024-12-13      417.5 REAL   50      3:06–3:11 PM    0.02      3:55–4:00 PM    0.01   -0.010    $-50.00  LOSS
  2024-12-20      427.5 REAL   21      3:06–3:11 PM    0.05      3:55–4:00 PM    5.63   +5.584 $+11726.40  WIN 
  2024-12-27      447.5 REAL    1      3:06–3:11 PM   15.41      3:55–4:00 PM   16.28   +0.877    $+87.67  WIN 
  2025-01-03      380.0 REAL  101      3:06–3:11 PM    0.01      3:55–4:00 PM    0.01   +0.000     $+0.00  LOSS
  2025-01-10      390.0 REAL    9      3:06–3:11 PM    0.12      3:55–4:00 PM    0.01   -0.103    $-92.70  LOSS
  2025-01-17      422.5 REAL   39      3:06–3:11 PM    0.03      3:55–4:00 PM    0.03   +0.008    $+31.20  WIN 
  2025-01-24      415.0 REAL    1      3:06–3:11 PM    5.84      3:55–4:00 PM    8.24   +2.408   $+240.80  WIN 
  2025-01-31      402.5 REAL    1      3:06–3:11 PM    1.79      3:55–4:00 PM    0.14   -1.652   $-165.20  LOSS
  2025-02-07      372.5 REAL    1      3:06–3:11 PM    9.70      3:55–4:00 PM   10.71   +1.012   $+101.20  WIN 
  2025-02-14      360.0 REAL    1      3:06–3:11 PM    6.11      3:55–4:00 PM    4.05   -2.066   $-206.60  LOSS
  2025-02-21      352.5 REAL    1      3:06–3:11 PM   14.46      3:55–4:00 PM   14.73   +0.273    $+27.25  WIN 
  2025-02-28      277.5 REAL   39      3:06–3:11 PM    0.03      3:55–4:00 PM    0.01   -0.016    $-62.40  LOSS
  2025-03-07      262.5 REAL    1      3:06–3:11 PM    1.48      3:55–4:00 PM    0.55   -0.932    $-93.20  LOSS
  2025-03-14      247.5 REAL   10      3:06–3:11 PM    0.10      3:55–4:00 PM    0.01   -0.094    $-94.00  LOSS
  2025-03-21      237.5 REAL   42      3:06–3:11 PM    0.02      3:55–4:00 PM    0.01   -0.014    $-58.80  LOSS
  2025-03-28      275.0 REAL    1      3:06–3:11 PM   10.95      3:55–4:00 PM   11.15   +0.204    $+20.40  WIN 
  2025-04-04      260.0 REAL    1      3:06–3:11 PM   20.30      3:55–4:00 PM   20.35   +0.052     $+5.25  WIN 
  2025-04-11      252.5 REAL    1      3:06–3:11 PM    3.95      3:55–4:00 PM    0.98   -2.968   $-296.80  LOSS
  2025-04-18      242.5 REAL    1      3:06–3:11 PM    2.50      3:55–4:00 PM    1.45   -1.054   $-105.40  LOSS
  2025-04-25      262.5 REAL  101      3:06–3:11 PM    0.01      3:55–4:00 PM    0.01   +0.000     $+0.00  LOSS
  2025-05-02      287.5 REAL    4      3:06–3:11 PM    0.25      3:55–4:00 PM    0.46   +0.208    $+83.20  WIN 
  2025-05-09      292.5 REAL   23      3:06–3:11 PM    0.04      3:55–4:00 PM    0.01   -0.034    $-78.20  LOSS
  2025-05-16      347.5 REAL    2      3:06–3:11 PM    0.68      3:55–4:00 PM    0.02   -0.662   $-132.40  LOSS
  2025-05-23      335.0 REAL   14      3:06–3:11 PM    0.07      3:55–4:00 PM    0.01   -0.060    $-84.00  LOSS
  2025-05-30      357.5 REAL    1      3:06–3:11 PM    6.00      3:55–4:00 PM   10.76   +4.756   $+475.60  WIN 
  2025-06-06      295.0 REAL    7      3:06–3:11 PM    0.15      3:55–4:00 PM    0.44   +0.292   $+204.40  WIN 
  2025-06-13      315.0 REAL   28      3:06–3:11 PM    0.04      3:55–4:00 PM    0.01   -0.022    $-61.60  LOSS
  2025-06-20      327.5 REAL    1      3:06–3:11 PM    5.46      3:55–4:00 PM    5.35   -0.112    $-11.20  LOSS
  2025-06-27      322.5 REAL    1      3:06–3:11 PM    3.11      3:55–4:00 PM    0.04   -3.066   $-306.60  LOSS
  2025-07-04      317.5 REAL    —      3:06–3:11 PM       —      3:55–4:00 PM       —        —          —  skip
  2025-07-11      307.5 REAL   13      3:06–3:11 PM    0.08      3:55–4:00 PM    0.01   -0.063    $-81.90  LOSS
  2025-07-18      322.5 REAL   51      3:06–3:11 PM    0.02      3:55–4:00 PM    0.01   -0.010    $-51.00  LOSS
  2025-07-25      310.0 REAL   32      3:06–3:11 PM    0.03      3:55–4:00 PM    0.04   +0.008    $+25.60  WIN 
  2025-08-01      307.5 REAL    1      3:06–3:11 PM    5.10      3:55–4:00 PM    4.39   -0.712    $-71.20  LOSS
  2025-08-08      322.5 REAL   41      3:06–3:11 PM    0.03      3:55–4:00 PM    0.01   -0.015    $-61.50  LOSS
  2025-08-15      337.5 REAL    1      3:06–3:11 PM    9.06      3:55–4:00 PM    7.31   -1.752   $-175.15  LOSS
  2025-08-22      317.5 REAL   50      3:06–3:11 PM    0.02      3:55–4:00 PM    0.01   -0.010    $-50.00  LOSS
  2025-08-29      347.5 REAL    1      3:06–3:11 PM   15.27      3:55–4:00 PM   13.58   -1.692   $-169.25  LOSS
  2025-09-05      350.0 REAL    1      3:06–3:11 PM    1.50      3:55–4:00 PM    0.09   -1.410   $-141.00  LOSS
  2025-09-12      372.5 REAL  100      3:06–3:11 PM    0.01      3:55–4:00 PM    0.01   +0.000     $+0.00  LOSS
  2025-09-19      425.0 REAL    1      3:06–3:11 PM    1.21      3:55–4:00 PM    0.04   -1.166   $-116.60  LOSS
  2025-09-26      427.5 REAL   72      3:06–3:11 PM    0.01      3:55–4:00 PM    0.01   -0.004    $-28.80  LOSS
  2025-10-03      442.5 REAL    1      3:06–3:11 PM   17.39      3:55–4:00 PM   12.63   -4.760   $-476.00  LOSS
  2025-10-10      437.5 REAL    1      3:06–3:11 PM   19.39      3:55–4:00 PM   23.59   +4.200   $+420.00  WIN 
  2025-10-17      425.0 REAL   72      3:06–3:11 PM    0.01      3:55–4:00 PM    0.01   -0.004    $-28.80  LOSS
  2025-10-24      447.5 REAL    1      3:06–3:11 PM   15.06      3:55–4:00 PM   13.79   -1.271   $-127.13  LOSS
  2025-10-31      447.5 REAL    7      3:06–3:11 PM    0.15      3:55–4:00 PM    0.01   -0.140    $-98.00  LOSS
  2025-11-07      435.0 REAL    1      3:06–3:11 PM    1.52      3:55–4:00 PM    5.44   +3.920   $+392.00  WIN 
  2025-11-14      390.0 REAL  101      3:06–3:11 PM    0.01      3:55–4:00 PM    0.01   +0.000     $+0.00  LOSS
  2025-11-21      400.0 REAL    1      3:06–3:11 PM    3.09      3:55–4:00 PM    8.60   +5.504   $+550.40  WIN 
  2025-11-28      430.0 REAL    —      3:06–3:11 PM       —      3:55–4:00 PM       —        —          —  skip
  2025-12-05      455.0 REAL    2      3:06–3:11 PM    0.69      3:55–4:00 PM    0.31   -0.388    $-77.60  LOSS
  2025-12-12      452.5 REAL    2      3:06–3:11 PM    0.85      3:55–4:00 PM    0.01   -0.840   $-168.00  LOSS
  2025-12-19      487.5 REAL    1      3:06–3:11 PM    5.25      3:55–4:00 PM    6.19   +0.937    $+93.67  WIN 
  2025-12-26      487.5 REAL    1      3:06–3:11 PM    9.21      3:55–4:00 PM   11.76   +2.551   $+255.08  WIN 
  2026-01-02      457.5 REAL    1      3:06–3:11 PM   16.59      3:55–4:00 PM   19.49   +2.900   $+290.00  WIN 
  2026-01-09      432.5 REAL    —      3:06–3:11 PM       —      3:55–4:00 PM       —        —          —  skip
  2026-01-16      442.5 REAL    1      3:06–3:11 PM    2.51      3:55–4:00 PM    4.76   +2.246   $+224.60  WIN 
  2026-01-23      447.5 REAL    2      3:06–3:11 PM    0.60      3:55–4:00 PM    0.03   -0.570   $-114.00  LOSS
  2026-01-30      430.0 REAL    3      3:06–3:11 PM    0.42      3:55–4:00 PM    0.26   -0.156    $-46.80  LOSS
  2026-02-06      400.0 REAL   72      3:06–3:11 PM    0.01      3:55–4:00 PM    0.01   -0.004    $-28.80  LOSS
  2026-02-13      415.0 REAL    7      3:06–3:11 PM    0.15      3:55–4:00 PM    0.02   -0.122    $-85.40  LOSS
  2026-02-20      407.5 REAL   14      3:06–3:11 PM    0.07      3:55–4:00 PM    0.01   -0.062    $-86.80  LOSS
  2026-02-27      402.5 REAL    1      3:06–3:11 PM    3.27      3:55–4:00 PM    0.36   -2.919   $-291.90  LOSS
  2026-03-06      397.5 REAL    6      3:06–3:11 PM    0.19      3:55–4:00 PM    0.84   +0.650   $+390.00  WIN 
  2026-03-13      397.5 REAL    1      3:06–3:11 PM    5.60      3:55–4:00 PM    5.87   +0.264    $+26.40  WIN 
  2026-03-20      377.5 REAL    1      3:06–3:11 PM   10.13      3:55–4:00 PM    9.78   -0.356    $-35.60  LOSS
  2026-03-27      370.0 REAL    1      3:06–3:11 PM   10.18      3:55–4:00 PM    7.98   -2.204   $-220.40  LOSS
  2026-04-03      365.0 REAL    1      3:06–3:11 PM    4.52      3:55–4:00 PM    4.25   -0.272    $-27.20  LOSS
  2026-04-10      347.5 REAL    1      3:06–3:11 PM    1.46      3:55–4:00 PM    0.07   -1.388   $-138.80  LOSS
  2026-04-17      395.0 REAL   20      3:06–3:11 PM    0.05      3:55–4:00 PM    0.01   -0.038    $-76.00  LOSS
  2026-04-24      375.0 REAL    4      3:06–3:11 PM    0.32      3:55–4:00 PM    0.04   -0.286   $-114.40  LOSS
  2026-05-01      385.0 REAL  101      3:06–3:11 PM    0.01      3:55–4:00 PM    0.01   +0.000     $+0.00  LOSS
  2026-05-08      420.0 REAL   17      3:06–3:11 PM    0.06      3:55–4:00 PM    0.01   -0.052    $-88.40  LOSS
  2026-05-15      432.5 REAL    1      3:06–3:11 PM    7.63      3:55–4:00 PM   10.03   +2.398   $+239.80  WIN 
  2026-05-22      425.0 REAL    4      3:06–3:11 PM    0.29      3:55–4:00 PM    0.14   -0.154    $-61.60  LOSS
  2026-05-29      437.5 REAL    1      3:06–3:11 PM    2.89      3:55–4:00 PM    1.74   -1.154   $-115.40  LOSS
  2026-06-05      422.5 REAL    1      3:06–3:11 PM   32.07      3:55–4:00 PM   30.61   -1.458   $-145.75  LOSS
  2026-06-12      400.0 REAL    2      3:06–3:11 PM    0.54      3:55–4:00 PM    0.02   -0.520   $-104.00  LOSS
  2026-06-19      397.5 REAL    1      3:06–3:11 PM    3.45      3:55–4:00 PM    0.02   -3.430   $-343.00  LOSS
  2026-06-26      370.0 REAL   84      3:06–3:11 PM    0.01      3:55–4:00 PM    0.02   +0.008    $+67.20  WIN 

  SUMMARY (optimal frames)  trades: 100   wins: 27/100   win rate: 27.0%   total P&L: $+9,240.74   avg/trade: $+92.41
           best day: $+11726.40   worst day: $-476.00   skipped (no data): 5
           premium spent: $41,468.78   return on spend: +22.3%

  TSLA PUTS — HEATMAPS   (entry-frame start ↓  exit-frame start →   cyan = chosen optimal)

  Each cell = best frame pair starting in that 30-min bucket (best over all durations).

  1) WIN RATE %  (wins ÷ trades)
    Entry |   9:30  10:00  10:30  11:00  11:30  12:00  12:30   1:00   1:30   2:00   2:30   3:00   3:30
  --------+-------------------------------------------------------------------------------------------
     9:30 |    43%    46%    43%    33%    33%    33%    32%    34%    31%    32%    33%    31%    31%
    10:00 |      ·    48%    48%    35%    37%    40%    35%    32%    31%    29%    30%    32%    31%
    10:30 |      ·      ·    45%    39%    39%    43%    36%    32%    31%    30%    29%    31%    31%
    11:00 |      ·      ·      ·    47%    44%    42%    34%    36%    31%    31%    29%    31%    32%
    11:30 |      ·      ·      ·      ·    48%    48%    35%    36%    32%    32%    33%    32%    34%
    12:00 |      ·      ·      ·      ·      ·    45%    40%    36%    34%    34%    33%    34%    34%
    12:30 |      ·      ·      ·      ·      ·      ·    40%    37%    33%    34%    32%    35%    30%
     1:00 |      ·      ·      ·      ·      ·      ·      ·    43%    40%    38%    31%    27%    27%
     1:30 |      ·      ·      ·      ·      ·      ·      ·      ·    42%    32%    34%    31%    29%
     2:00 |      ·      ·      ·      ·      ·      ·      ·      ·      ·    47%    37%    38%    25%
     2:30 |      ·      ·      ·      ·      ·      ·      ·      ·      ·      ·    39%    34%    28%
     3:00 |      ·      ·      ·      ·      ·      ·      ·      ·      ·      ·      ·    35%    24%
     3:30 |      ·      ·      ·      ·      ·      ·      ·      ·      ·      ·      ·      ·    25%

  2) WIN COUNT  (number of winning trades)
    Entry |   9:30  10:00  10:30  11:00  11:30  12:00  12:30   1:00   1:30   2:00   2:30   3:00   3:30
  --------+-------------------------------------------------------------------------------------------
     9:30 |     45     48     45     35     35     35     34     35     32     33     34     31     31
    10:00 |      ·     50     50     37     39     42     37     33     32     30     31     32     31
    10:30 |      ·      ·     47     41     41     45     38     33     32     31     30     31     31
    11:00 |      ·      ·      ·     49     46     44     35     37     32     32     30     31     32
    11:30 |      ·      ·      ·      ·     50     50     37     37     33     33     34     32     34
    12:00 |      ·      ·      ·      ·      ·     47     42     36     34     34     33     34     34
    12:30 |      ·      ·      ·      ·      ·      ·     42     38     34     35     33     35     30
     1:00 |      ·      ·      ·      ·      ·      ·      ·     43     41     39     30     26     27
     1:30 |      ·      ·      ·      ·      ·      ·      ·      ·     42     33     34     31     29
     2:00 |      ·      ·      ·      ·      ·      ·      ·      ·      ·     47     37     38     25
     2:30 |      ·      ·      ·      ·      ·      ·      ·      ·      ·      ·     39     35     28
     3:00 |      ·      ·      ·      ·      ·      ·      ·      ·      ·      ·      ·     35     24
     3:30 |      ·      ·      ·      ·      ·      ·      ·      ·      ·      ·      ·      ·     25

  3a) AVG P&L PER TRADE  ($ per contract)
    Entry |   9:30  10:00  10:30  11:00  11:30  12:00  12:30   1:00   1:30   2:00   2:30   3:00   3:30
  --------+-------------------------------------------------------------------------------------------
     9:30 |    +19    +41    +43    +11     +8     +9     +6    +14    -21    -16     -3     +1     -2
    10:00 |      ·    +32    +34     +4    -23    -11     -5     +5    -20    -16    -14    -14     -9
    10:30 |      ·      ·    -13     +7     +1     +2    -13     +3    -34    -40    -30    -20    -27
    11:00 |      ·      ·      ·     +0    +16    +16     +7    +12    -28    -35    -28    -24    -26
    11:30 |      ·      ·      ·      ·    +13    +13     +5    +10    -17    -38    -23    -25    -24
    12:00 |      ·      ·      ·      ·      ·     -2     +1     +4    -31    -33    -23    -22    -24
    12:30 |      ·      ·      ·      ·      ·      ·     +3     +5    -31    -32    -21    -22     +1
     1:00 |      ·      ·      ·      ·      ·      ·      ·     +3    -12    -13    +11    +18    +17
     1:30 |      ·      ·      ·      ·      ·      ·      ·      ·     +3     +3    +10     +5    +28
     2:00 |      ·      ·      ·      ·      ·      ·      ·      ·      ·     +5    +11     +3    +13
     2:30 |      ·      ·      ·      ·      ·      ·      ·      ·      ·      ·     +5     +2    +64
     3:00 |      ·      ·      ·      ·      ·      ·      ·      ·      ·      ·      ·    +12    +95
     3:30 |      ·      ·      ·      ·      ·      ·      ·      ·      ·      ·      ·      ·    +20

  3b) TOTAL P&L  ($ per contract, summed over all Fridays)
    Entry |    9:30   10:00   10:30   11:00   11:30   12:00   12:30    1:00    1:30    2:00    2:30    3:00    3:30
  --------+--------------------------------------------------------------------------------------------------------
     9:30 |   +2047   +4327   +4554   +1156    +882    +951    +679   +1458   -2156   -1678    -336    +137    -156
    10:00 |       ·   +3388   +3554    +419   -2435   -1117    -560    +531   -2025   -1581   -1400   -1373    -931
    10:30 |       ·       ·   -1373    +689    +121    +172   -1324    +262   -3442   -4059   -3074   -2002   -2777
    11:00 |       ·       ·       ·     +44   +1613   +1652    +772   +1255   -2862   -3618   -2880   -2346   -2658
    11:30 |       ·       ·       ·       ·   +1363   +1370    +488   +1056   -1773   -3840   -2320   -2519   -2406
    12:00 |       ·       ·       ·       ·       ·    -217    +110    +412   -3153   -3313   -2349   -2173   -2353
    12:30 |       ·       ·       ·       ·       ·       ·    +335    +539   -3161   -3290   -2121   -2215     +85
     1:00 |       ·       ·       ·       ·       ·       ·       ·    +305   -1232   -1301   +1093   +1791   +1730
     1:30 |       ·       ·       ·       ·       ·       ·       ·       ·    +268    +324    +998    +522   +2773
     2:00 |       ·       ·       ·       ·       ·       ·       ·       ·       ·    +489   +1083    +280   +1262
     2:30 |       ·       ·       ·       ·       ·       ·       ·       ·       ·       ·    +503    +232   +6358
     3:00 |       ·       ·       ·       ·       ·       ·       ·       ·       ·       ·       ·   +1213   +9386
     3:30 |       ·       ·       ·       ·       ·       ·       ·       ·       ·       ·       ·       ·   +2020

──────────────────────────────────────────────────────────────────────────────────────
  TSLA PUTS — TOP 15 FRAME PAIRS (by win_rate × avg payoff)
──────────────────────────────────────────────────────────────────────────────────────
   #        Entry frame         Exit frame  Trades   Wins    Win%    Avg P&L     Total P&L
  --  -----------------  -----------------  ------  -----  ------  ---------  ------------
   1       3:05–3:10 PM       3:55–4:00 PM      99     24  24.2%    $+94.81    $+9,386.42
   2       3:00–3:10 PM       3:55–4:00 PM     100     27  27.0%    $+72.08    $+7,208.35
   3       9:50–9:55 AM     10:25–10:35 AM     105     48  45.7%    $+41.21    $+4,326.68
   4       9:50–9:55 AM     10:30–10:35 AM     105     45  42.9%    $+43.37    $+4,553.93
   5       2:55–3:10 PM       3:55–4:00 PM     100     28  28.0%    $+63.58    $+6,358.05
   6      9:55–10:00 AM     10:25–10:35 AM     105     49  46.7%    $+37.86    $+3,975.23
   7       9:50–9:55 AM     10:25–10:30 AM     105     48  45.7%    $+38.33    $+4,024.95
   8      9:50–10:00 AM     10:25–10:35 AM     105     48  45.7%    $+38.15    $+4,006.24
   9      9:55–10:00 AM     10:30–10:35 AM     105     46  43.8%    $+39.39    $+4,136.38
  10      9:55–10:05 AM     10:25–10:35 AM     105     51  48.6%    $+35.28    $+3,704.58
  11       9:45–9:55 AM     10:30–10:35 AM     105     44  41.9%    $+40.62    $+4,264.98
  12       9:45–9:55 AM     10:25–10:30 AM     105     50  47.6%    $+35.36    $+3,712.40
  13       9:45–9:55 AM     10:25–10:35 AM     105     46  43.8%    $+38.34    $+4,025.93
  14      9:50–10:05 AM     10:25–10:35 AM     105     48  45.7%    $+36.72    $+3,855.60
  15      9:50–10:00 AM     10:25–10:30 AM     105     49  46.7%    $+35.92    $+3,771.41


██████████████████████████████████████████████████████████████████████████████████████
  OUTLIERS REMOVED (winning trades > $2,000)  —  TSLA PUTS re-optimized
██████████████████████████████████████████████████████████████████████████████████████
  (chosen frames had no winning outliers)
======================================================================================
  TSLA PUTS
======================================================================================
  Optimal entry frame : 9:52–9:57 AM   (5 min)
  Optimal exit frame  : 10:27–10:33 AM   (6 min)
  Data source         : REAL prices

  Date           Strike  Src  Qty       Entry frame    Buy$        Exit frame   Sell$   P&L/sh      P&L $  Result
  ------------ -------- ---- ---- ----------------- ------- ----------------- ------- -------- ----------  ------
  2024-06-28      200.0 REAL    2      9:52–9:57 AM    0.93    10:27–10:33 AM    1.11   +0.173    $+34.53  WIN 
  2024-07-05      252.5 REAL    1      9:52–9:57 AM    6.73    10:27–10:33 AM    6.95   +0.225    $+22.53  WIN 
  2024-07-12      237.5 REAL    2      9:52–9:57 AM    0.86    10:27–10:33 AM    0.67   -0.197    $-39.47  LOSS
  2024-07-19      247.5 REAL    1      9:52–9:57 AM    2.72    10:27–10:33 AM    6.09   +3.370   $+336.97  WIN 
  2024-07-26      222.5 REAL    1      9:52–9:57 AM    3.92    10:27–10:33 AM    6.39   +2.474   $+247.40  WIN 
  2024-08-02      212.5 REAL    1      9:52–9:57 AM    1.79    10:27–10:33 AM    1.81   +0.016     $+1.63  WIN 
  2024-08-09      195.0 REAL    2      9:52–9:57 AM    0.60    10:27–10:33 AM    1.37   +0.769   $+153.73  WIN 
  2024-08-16      212.5 REAL    3      9:52–9:57 AM    0.43    10:27–10:33 AM    0.23   -0.195    $-58.50  LOSS
  2024-08-23      215.0 REAL    1      9:52–9:57 AM    1.50    10:27–10:33 AM    0.32   -1.177   $-117.67  LOSS
  2024-08-30      210.0 REAL    1      9:52–9:57 AM    2.28    10:27–10:33 AM    1.93   -0.357    $-35.73  LOSS
  2024-09-06      232.5 REAL    1      9:52–9:57 AM    8.41    10:27–10:33 AM   11.59   +3.182   $+318.17  WIN 
  2024-09-13      227.5 REAL    1      9:52–9:57 AM    1.02    10:27–10:33 AM    1.63   +0.614    $+61.40  WIN 
  2024-09-20      240.0 REAL    1      9:52–9:57 AM    2.15    10:27–10:33 AM    2.21   +0.061     $+6.13  WIN 
  2024-09-27      257.5 REAL    1      9:52–9:57 AM    2.00    10:27–10:33 AM    3.40   +1.395   $+139.50  WIN 
  2024-10-04      247.5 REAL    1      9:52–9:57 AM    1.90    10:27–10:33 AM    1.96   +0.063     $+6.33  WIN 
  2024-10-11      220.0 REAL    1      9:52–9:57 AM    3.51    10:27–10:33 AM    2.04   -1.469   $-146.93  LOSS
  2024-10-18      220.0 REAL    2      9:52–9:57 AM    0.99    10:27–10:33 AM    1.11   +0.122    $+24.47  WIN 
  2024-10-25      257.5 REAL    3      9:52–9:57 AM    0.46    10:27–10:33 AM    0.30   -0.157    $-47.10  LOSS
  2024-11-01      252.5 REAL    1      9:52–9:57 AM    2.79    10:27–10:33 AM    1.62   -1.167   $-116.67  LOSS
  2024-11-08      300.0 REAL    1      9:52–9:57 AM    1.02    10:27–10:33 AM    0.29   -0.729    $-72.93  LOSS
  2024-11-15      310.0 REAL    1      9:52–9:57 AM    1.40    10:27–10:33 AM    1.69   +0.292    $+29.17  WIN 
  2024-11-22      342.5 REAL    1      9:52–9:57 AM    5.16    10:27–10:33 AM    2.52   -2.643   $-264.33  LOSS
  2024-11-29      335.0 REAL    2      9:52–9:57 AM    0.51    10:27–10:33 AM    0.23   -0.280    $-56.07  LOSS
  2024-12-06      375.0 REAL    1      9:52–9:57 AM    4.23    10:27–10:33 AM    3.14   -1.090   $-109.03  LOSS
  2024-12-13      417.5 REAL    1      9:52–9:57 AM    1.72    10:27–10:33 AM    0.67   -1.044   $-104.43  LOSS
  2024-12-20      427.5 REAL    1      9:52–9:57 AM    7.85    10:27–10:33 AM    2.31   -5.537   $-553.67  LOSS
  2024-12-27      447.5 REAL    1      9:52–9:57 AM    9.29    10:27–10:33 AM   15.64   +6.349   $+634.93  WIN 
  2025-01-03      380.0 REAL    1      9:52–9:57 AM    1.69    10:27–10:33 AM    1.77   +0.087     $+8.70  WIN 
  2025-01-10      390.0 REAL    1      9:52–9:57 AM    5.59    10:27–10:33 AM    4.43   -1.155   $-115.47  LOSS
  2025-01-17      422.5 REAL    1      9:52–9:57 AM    3.59    10:27–10:33 AM    1.61   -1.978   $-197.77  LOSS
  2025-01-24      415.0 REAL    1      9:52–9:57 AM    2.71    10:27–10:33 AM    3.21   +0.491    $+49.10  WIN 
  2025-01-31      402.5 REAL    1      9:52–9:57 AM    1.33    10:27–10:33 AM    0.57   -0.757    $-75.67  LOSS
  2025-02-07      372.5 REAL    1      9:52–9:57 AM    1.41    10:27–10:33 AM    2.86   +1.448   $+144.83  WIN 
  2025-02-14      360.0 REAL    1      9:52–9:57 AM    7.30    10:27–10:33 AM    8.60   +1.302   $+130.20  WIN 
  2025-02-21      352.5 REAL    1      9:52–9:57 AM    3.28    10:27–10:33 AM    5.45   +2.168   $+216.77  WIN 
  2025-02-28      277.5 REAL    1      9:52–9:57 AM    2.28    10:27–10:33 AM    0.65   -1.637   $-163.73  LOSS
  2025-03-07      262.5 REAL    1      9:52–9:57 AM    3.08    10:27–10:33 AM    5.05   +1.968   $+196.77  WIN 
  2025-03-14      247.5 REAL    1      9:52–9:57 AM    5.14    10:27–10:33 AM    6.82   +1.678   $+167.83  WIN 
  2025-03-21      237.5 REAL    1      9:52–9:57 AM    1.58    10:27–10:33 AM    2.18   +0.604    $+60.37  WIN 
  2025-03-28      275.0 REAL    1      9:52–9:57 AM    5.51    10:27–10:33 AM   10.88   +5.366   $+536.60  WIN 
  2025-04-04      260.0 REAL    1      9:52–9:57 AM    9.66    10:27–10:33 AM   17.08   +7.416   $+741.63  WIN 
  2025-04-11      252.5 REAL    1      9:52–9:57 AM    4.61    10:27–10:33 AM    8.66   +4.051   $+405.13  WIN 
  2025-04-18      242.5 REAL    1      9:52–9:57 AM    2.54    10:27–10:33 AM    4.71   +2.172   $+217.20  WIN 
  2025-04-25      262.5 REAL    1      9:52–9:57 AM    3.41    10:27–10:33 AM    0.82   -2.590   $-259.00  LOSS
  2025-05-02      287.5 REAL    1      9:52–9:57 AM    7.05    10:27–10:33 AM    5.78   -1.267   $-126.67  LOSS
  2025-05-09      292.5 REAL    1      9:52–9:57 AM    1.25    10:27–10:33 AM    0.66   -0.588    $-58.83  LOSS
  2025-05-16      347.5 REAL    1      9:52–9:57 AM    3.85    10:27–10:33 AM    4.22   +0.373    $+37.30  WIN 
  2025-05-23      335.0 REAL    1      9:52–9:57 AM    3.06    10:27–10:33 AM    2.44   -0.621    $-62.10  LOSS
  2025-05-30      357.5 REAL    1      9:52–9:57 AM    4.17    10:27–10:33 AM    1.46   -2.708   $-270.83  LOSS
  2025-06-06      295.0 REAL    1      9:52–9:57 AM    5.68    10:27–10:33 AM    3.60   -2.079   $-207.87  LOSS
  2025-06-13      315.0 REAL    1      9:52–9:57 AM    1.93    10:27–10:33 AM    2.85   +0.921    $+92.10  WIN 
  2025-06-20      327.5 REAL    1      9:52–9:57 AM    4.39    10:27–10:33 AM    8.19   +3.798   $+379.77  WIN 
  2025-06-27      322.5 REAL    1      9:52–9:57 AM    1.53    10:27–10:33 AM    0.94   -0.590    $-59.00  LOSS
  2025-07-04      317.5 REAL    1      9:52–9:57 AM    3.34    10:27–10:33 AM    4.57   +1.226   $+122.63  WIN 
  2025-07-11      307.5 REAL    1      9:52–9:57 AM    1.56    10:27–10:33 AM    0.93   -0.631    $-63.13  LOSS
  2025-07-18      322.5 REAL    2      9:52–9:57 AM    0.65    10:27–10:33 AM    0.56   -0.091    $-18.27  LOSS
  2025-07-25      310.0 REAL    1      9:52–9:57 AM    2.06    10:27–10:33 AM    0.92   -1.145   $-114.53  LOSS
  2025-08-01      307.5 REAL    1      9:52–9:57 AM    6.75    10:27–10:33 AM    3.88   -2.863   $-286.27  LOSS
  2025-08-08      322.5 REAL    3      9:52–9:57 AM    0.48    10:27–10:33 AM    0.26   -0.214    $-64.30  LOSS
  2025-08-15      337.5 REAL    1      9:52–9:57 AM    5.38    10:27–10:33 AM    5.23   -0.150    $-15.00  LOSS
  2025-08-22      317.5 REAL    2      9:52–9:57 AM    0.76    10:27–10:33 AM    0.14   -0.626   $-125.13  LOSS
  2025-08-29      347.5 REAL    1      9:52–9:57 AM    4.16    10:27–10:33 AM    8.45   +4.289   $+428.87  WIN 
  2025-09-05      350.0 REAL    1      9:52–9:57 AM    1.27    10:27–10:33 AM    3.91   +2.641   $+264.13  WIN 
  2025-09-12      372.5 REAL    2      9:52–9:57 AM    0.65    10:27–10:33 AM    0.15   -0.497    $-99.40  LOSS
  2025-09-19      425.0 REAL    1      9:52–9:57 AM    2.63    10:27–10:33 AM    2.17   -0.469    $-46.90  LOSS
  2025-09-26      427.5 REAL    1      9:52–9:57 AM    4.55    10:27–10:33 AM    6.08   +1.533   $+153.30  WIN 
  2025-10-03      442.5 REAL    1      9:52–9:57 AM    6.42    10:27–10:33 AM   15.21   +8.791   $+879.10  WIN 
  2025-10-10      437.5 REAL    1      9:52–9:57 AM    3.69    10:27–10:33 AM    3.48   -0.208    $-20.80  LOSS
  2025-10-17      425.0 REAL    1      9:52–9:57 AM    1.67    10:27–10:33 AM    0.80   -0.869    $-86.87  LOSS
  2025-10-24      447.5 REAL    1      9:52–9:57 AM    8.03    10:27–10:33 AM    8.61   +0.577    $+57.67  WIN 
  2025-10-31      447.5 REAL    1      9:52–9:57 AM    2.91    10:27–10:33 AM    0.92   -1.988   $-198.80  LOSS
  2025-11-07      435.0 REAL    1      9:52–9:57 AM    8.93    10:27–10:33 AM    5.00   -3.927   $-392.67  LOSS
  2025-11-14      390.0 REAL    1      9:52–9:57 AM    2.50    10:27–10:33 AM    1.06   -1.435   $-143.50  LOSS
  2025-11-21      400.0 REAL    1      9:52–9:57 AM    5.58    10:27–10:33 AM   12.54   +6.957   $+695.67  WIN 
  2025-11-28      430.0 REAL    1      9:52–9:57 AM    3.11    10:27–10:33 AM    4.12   +1.003   $+100.27  WIN 
  2025-12-05      455.0 REAL    1      9:52–9:57 AM    3.30    10:27–10:33 AM    2.27   -1.032   $-103.23  LOSS
  2025-12-12      452.5 REAL    2      9:52–9:57 AM    0.99    10:27–10:33 AM    4.04   +3.044   $+608.87  WIN 
  2025-12-19      487.5 REAL    1      9:52–9:57 AM    6.23    10:27–10:33 AM    7.92   +1.688   $+168.77  WIN 
  2025-12-26      487.5 REAL    1      9:52–9:57 AM    5.59    10:27–10:33 AM   10.78   +5.194   $+519.37  WIN 
  2026-01-02      457.5 REAL    1      9:52–9:57 AM    5.22    10:27–10:33 AM   12.47   +7.256   $+725.57  WIN 
  2026-01-09      432.5 REAL    1      9:52–9:57 AM    1.66    10:27–10:33 AM    0.27   -1.385   $-138.47  LOSS
  2026-01-16      442.5 REAL    1      9:52–9:57 AM    1.81    10:27–10:33 AM    6.33   +4.526   $+452.57  WIN 
  2026-01-23      447.5 REAL    1      9:52–9:57 AM    2.23    10:27–10:33 AM    2.77   +0.544    $+54.37  WIN 
  2026-01-30      430.0 REAL    1      9:52–9:57 AM    6.20    10:27–10:33 AM    2.15   -4.055   $-405.50  LOSS
  2026-02-06      400.0 REAL    1      9:52–9:57 AM    1.06    10:27–10:33 AM    0.51   -0.552    $-55.17  LOSS
  2026-02-13      415.0 REAL    1      9:52–9:57 AM    3.88    10:27–10:33 AM    2.18   -1.706   $-170.57  LOSS
  2026-02-20      407.5 REAL    1      9:52–9:57 AM    2.47    10:27–10:33 AM    1.47   -1.000   $-100.00  LOSS
  2026-02-27      402.5 REAL    1      9:52–9:57 AM    2.24    10:27–10:33 AM    0.92   -1.317   $-131.67  LOSS
  2026-03-06      397.5 REAL    1      9:52–9:57 AM    3.85    10:27–10:33 AM    2.77   -1.087   $-108.73  LOSS
  2026-03-13      397.5 REAL    1      9:52–9:57 AM    1.97    10:27–10:33 AM    2.90   +0.925    $+92.50  WIN 
  2026-03-20      377.5 REAL    1      9:52–9:57 AM    6.13    10:27–10:33 AM    5.47   -0.660    $-66.03  LOSS
  2026-03-27      370.0 REAL    1      9:52–9:57 AM    7.38    10:27–10:33 AM    7.02   -0.366    $-36.57  LOSS
  2026-04-03      365.0 REAL    1      9:52–9:57 AM    2.29    10:27–10:33 AM    1.65   -0.644    $-64.40  LOSS
  2026-04-10      347.5 REAL    1      9:52–9:57 AM    3.01    10:27–10:33 AM    2.58   -0.421    $-42.10  LOSS
  2026-04-17      395.0 REAL    1      9:52–9:57 AM    3.08    10:27–10:33 AM    1.79   -1.294   $-129.40  LOSS
  2026-04-24      375.0 REAL    1      9:52–9:57 AM    1.21    10:27–10:33 AM    3.19   +1.978   $+197.83  WIN 
  2026-05-01      385.0 REAL    1      9:52–9:57 AM    4.07    10:27–10:33 AM    1.17   -2.900   $-290.03  LOSS
  2026-05-08      420.0 REAL    1      9:52–9:57 AM    1.43    10:27–10:33 AM    1.19   -0.242    $-24.17  LOSS
  2026-05-15      432.5 REAL    1      9:52–9:57 AM    5.85    10:27–10:33 AM    7.26   +1.419   $+141.90  WIN 
  2026-05-22      425.0 REAL    1      9:52–9:57 AM    5.53    10:27–10:33 AM    2.52   -3.010   $-300.97  LOSS
  2026-05-29      437.5 REAL    1      9:52–9:57 AM    2.89    10:27–10:33 AM    8.07   +5.189   $+518.90  WIN 
  2026-06-05      422.5 REAL    1      9:52–9:57 AM   11.70    10:27–10:33 AM   16.16   +4.466   $+446.60  WIN 
  2026-06-12      400.0 REAL    1      9:52–9:57 AM    7.42    10:27–10:33 AM    7.42   +0.001     $+0.13  WIN 
  2026-06-19      397.5 REAL    1      9:52–9:57 AM    9.26    10:27–10:33 AM   12.11   +2.843   $+284.27  WIN 
  2026-06-26      370.0 REAL    1      9:52–9:57 AM    1.46    10:27–10:33 AM    0.43   -1.029   $-102.90  LOSS

  SUMMARY (optimal frames)  trades: 105   wins: 50/105   win rate: 47.6%   total P&L: $+5,049.53   avg/trade: $+48.09
           best day: $+879.10   worst day: $-553.67   skipped (no data): 0
           premium spent: $38,201.00   return on spend: +13.2%

  TSLA PUTS — HEATMAPS   (entry-frame start ↓  exit-frame start →   cyan = chosen optimal)

  Each cell = best frame pair starting in that 30-min bucket (best over all durations).

  1) WIN RATE %  (wins ÷ trades)
    Entry |   9:30  10:00  10:30  11:00  11:30  12:00  12:30   1:00   1:30   2:00   2:30   3:00   3:30
  --------+-------------------------------------------------------------------------------------------
     9:30 |    43%    46%    43%    33%    33%    33%    32%    34%    31%    32%    33%    31%    31%
    10:00 |      ·    48%    48%    35%    37%    40%    35%    32%    31%    29%    30%    32%    31%
    10:30 |      ·      ·    45%    39%    39%    43%    36%    32%    31%    30%    29%    31%    31%
    11:00 |      ·      ·      ·    47%    44%    42%    34%    36%    31%    31%    29%    31%    32%
    11:30 |      ·      ·      ·      ·    48%    48%    35%    36%    32%    32%    33%    32%    34%
    12:00 |      ·      ·      ·      ·      ·    45%    40%    36%    34%    34%    33%    34%    34%
    12:30 |      ·      ·      ·      ·      ·      ·    40%    37%    33%    34%    32%    35%    35%
     1:00 |      ·      ·      ·      ·      ·      ·      ·    43%    40%    38%    31%    29%    37%
     1:30 |      ·      ·      ·      ·      ·      ·      ·      ·    42%    32%    34%    31%    39%
     2:00 |      ·      ·      ·      ·      ·      ·      ·      ·      ·    47%    37%    38%    34%
     2:30 |      ·      ·      ·      ·      ·      ·      ·      ·      ·      ·    39%    34%    31%
     3:00 |      ·      ·      ·      ·      ·      ·      ·      ·      ·      ·      ·    38%    37%
     3:30 |      ·      ·      ·      ·      ·      ·      ·      ·      ·      ·      ·      ·    29%

  2) WIN COUNT  (number of winning trades)
    Entry |   9:30  10:00  10:30  11:00  11:30  12:00  12:30   1:00   1:30   2:00   2:30   3:00   3:30
  --------+-------------------------------------------------------------------------------------------
     9:30 |     45     48     45     35     35     35     34     35     32     32     34     31     31
    10:00 |      ·     50     50     37     39     42     37     33     32     30     31     31     31
    10:30 |      ·      ·     47     41     41     45     38     33     32     31     30     31     31
    11:00 |      ·      ·      ·     49     46     44     35     37     32     32     30     31     32
    11:30 |      ·      ·      ·      ·     50     50     37     37     33     33     34     32     34
    12:00 |      ·      ·      ·      ·      ·     47     42     36     34     34     33     34     34
    12:30 |      ·      ·      ·      ·      ·      ·     42     38     34     35     33     35     35
     1:00 |      ·      ·      ·      ·      ·      ·      ·     43     41     39     31     29     36
     1:30 |      ·      ·      ·      ·      ·      ·      ·      ·     42     33     34     31     39
     2:00 |      ·      ·      ·      ·      ·      ·      ·      ·      ·     47     37     38     34
     2:30 |      ·      ·      ·      ·      ·      ·      ·      ·      ·      ·     39     35     31
     3:00 |      ·      ·      ·      ·      ·      ·      ·      ·      ·      ·      ·     38     37
     3:30 |      ·      ·      ·      ·      ·      ·      ·      ·      ·      ·      ·      ·     29

  3a) AVG P&L PER TRADE  ($ per contract)
    Entry |   9:30  10:00  10:30  11:00  11:30  12:00  12:30   1:00   1:30   2:00   2:30   3:00   3:30
  --------+-------------------------------------------------------------------------------------------
     9:30 |    +19    +41    +43    +11     +8     +9     +6    +14    -11    -38     -3     +1     -2
    10:00 |      ·    +32    +34     +4    -23    -11     -5     +5    -20    -16    -14    -36    -11
    10:30 |      ·      ·    -13     +7     +1     +2    -13     +3    -34    -40    -30    -20    -27
    11:00 |      ·      ·      ·     +0    +16    +16     +7    +12    -28    -35    -28    -24    -26
    11:30 |      ·      ·      ·      ·    +13    +13     +5    +10    -17    -38    -23    -25    -24
    12:00 |      ·      ·      ·      ·      ·     -2     +1     +4    -31    -33    -23    -22    -24
    12:30 |      ·      ·      ·      ·      ·      ·     +3     +5    -31    -32    -21    -22    -23
     1:00 |      ·      ·      ·      ·      ·      ·      ·     +3    -12    -13     +6     +4    -20
     1:30 |      ·      ·      ·      ·      ·      ·      ·      ·     +3     +3    +10     +5    -13
     2:00 |      ·      ·      ·      ·      ·      ·      ·      ·      ·     +5    +11     +3     +1
     2:30 |      ·      ·      ·      ·      ·      ·      ·      ·      ·      ·     +5     +2     +4
     3:00 |      ·      ·      ·      ·      ·      ·      ·      ·      ·      ·      ·     +9    +11
     3:30 |      ·      ·      ·      ·      ·      ·      ·      ·      ·      ·      ·      ·     +7

  3b) TOTAL P&L  ($ per contract, summed over all Fridays)
    Entry |    9:30   10:00   10:30   11:00   11:30   12:00   12:30    1:00    1:30    2:00    2:30    3:00    3:30
  --------+--------------------------------------------------------------------------------------------------------
     9:30 |   +2047   +4327   +4554   +1156    +882    +951    +679   +1458   -1149   -3811    -336     +61    -156
    10:00 |       ·   +3388   +3554    +419   -2435   -1117    -560    +531   -2025   -1581   -1400   -3487   -1113
    10:30 |       ·       ·   -1373    +689    +121    +172   -1324    +262   -3442   -4059   -3074   -2002   -2777
    11:00 |       ·       ·       ·     +44   +1613   +1652    +772   +1255   -2862   -3618   -2880   -2346   -2658
    11:30 |       ·       ·       ·       ·   +1363   +1370    +488   +1056   -1773   -3840   -2320   -2519   -2406
    12:00 |       ·       ·       ·       ·       ·    -217    +110    +412   -3153   -3313   -2349   -2173   -2353
    12:30 |       ·       ·       ·       ·       ·       ·    +335    +539   -3161   -3290   -2121   -2215   -2320
     1:00 |       ·       ·       ·       ·       ·       ·       ·    +305   -1232   -1301    +612    +416   -1944
     1:30 |       ·       ·       ·       ·       ·       ·       ·       ·    +268    +324    +998    +522   -1325
     2:00 |       ·       ·       ·       ·       ·       ·       ·       ·       ·    +489   +1083    +280     +90
     2:30 |       ·       ·       ·       ·       ·       ·       ·       ·       ·       ·    +503    +232    +395
     3:00 |       ·       ·       ·       ·       ·       ·       ·       ·       ·       ·       ·    +861   +1074
     3:30 |       ·       ·       ·       ·       ·       ·       ·       ·       ·       ·       ·       ·    +671

──────────────────────────────────────────────────────────────────────────────────────
  TSLA PUTS — TOP 15 FRAME PAIRS (by win_rate × avg payoff)
──────────────────────────────────────────────────────────────────────────────────────
   #        Entry frame         Exit frame  Trades   Wins    Win%    Avg P&L     Total P&L
  --  -----------------  -----------------  ------  -----  ------  ---------  ------------
   1       9:50–9:55 AM     10:25–10:35 AM     105     48  45.7%    $+41.21    $+4,326.68
   2       9:50–9:55 AM     10:30–10:35 AM     105     45  42.9%    $+43.37    $+4,553.93
   3      9:55–10:00 AM     10:25–10:35 AM     105     49  46.7%    $+37.86    $+3,975.23
   4       9:50–9:55 AM     10:25–10:30 AM     105     48  45.7%    $+38.33    $+4,024.95
   5      9:50–10:00 AM     10:25–10:35 AM     105     48  45.7%    $+38.15    $+4,006.24
   6      9:55–10:00 AM     10:30–10:35 AM     105     46  43.8%    $+39.39    $+4,136.38
   7      9:55–10:05 AM     10:25–10:35 AM     105     51  48.6%    $+35.28    $+3,704.58
   8       9:45–9:55 AM     10:30–10:35 AM     105     44  41.9%    $+40.62    $+4,264.98
   9       9:45–9:55 AM     10:25–10:30 AM     105     50  47.6%    $+35.36    $+3,712.40
  10       9:45–9:55 AM     10:25–10:35 AM     105     46  43.8%    $+38.34    $+4,025.93
  11      9:50–10:05 AM     10:25–10:35 AM     105     48  45.7%    $+36.72    $+3,855.60
  12      9:50–10:00 AM     10:25–10:30 AM     105     49  46.7%    $+35.92    $+3,771.41
  13      9:50–10:00 AM     10:30–10:35 AM     105     44  41.9%    $+39.68    $+4,166.59
  14      9:45–10:00 AM     10:25–10:30 AM     105     50  47.6%    $+34.65    $+3,638.44
  15      9:55–10:00 AM     10:25–10:30 AM     105     48  45.7%    $+35.62    $+3,739.60

──────────────────────────────────────────────────────────────────────────────────────
  Saved CSV: C:\actions-runner\_work\EoD_OptionTrading\EoD_OptionTrading\results\tsla-friday-timeframe\backtest_tsla_friday_timeframe_puts_730days_2026-06-27_2334.csv
  Saved TXT: C:\actions-runner\_work\EoD_OptionTrading\EoD_OptionTrading\results\tsla-friday-timeframe\backtest_tsla_friday_timeframe_puts_730days_2026-06-27_2334.txt
  Saved TXT (outliers removed): C:\actions-runner\_work\EoD_OptionTrading\EoD_OptionTrading\results\tsla-friday-timeframe\backtest_tsla_friday_timeframe_puts_730days_2026-06-27_2334_outliers_removed.txt
──────────────────────────────────────────────────────────────────────────────────────


============================================================
  STRATEGY SUMMARY — TSLA Friday optimal entry/exit frames
============================================================
  Data source : REAL Alpaca option bars
  Trades      : 202
  Win rate    : 34.6%
  Total P&L   : $18,927.11
  Avg / trade : $93.70
  Max drawdown: $-2,235.90
  CALLS       : enter 9:40–9:45 AM  exit 1:45–1:52 PM  (win 42%, $9,686)
  PUTS        : enter 3:06–3:11 PM  exit 3:55–4:00 PM  (win 27%, $9,241)
============================================================

===STRATEGY_SUMMARY_JSON===
{"status": "ok", "strategy": "tsla-friday-timeframe", "ticker": "TSLA", "day": "Friday", "session": "9:30 AM-4:00 PM ET", "lookback_days": 730, "target_spend": 1.0, "outlier_max": 2000, "n_trades": 202, "win_rate": 0.3465, "total_pnl": 18927.11, "avg_pnl": 93.7, "best_trade": 11726.4, "worst_trade": -482.43, "max_drawdown": -2235.9, "sharpe": 0.103, "data_source": "REAL Alpaca option bars", "calls": {"entry_frame": "9:40\u20139:45 AM", "exit_frame": "1:45\u20131:52 PM", "entry_minutes": 5, "exit_minutes": 7, "n_trades": 102, "wins": 43, "win_rate": 0.4216, "total_pnl": 9686.37, "avg_pnl": 94.96, "best_day": 1906.49, "worst_day": -482.43, "premium_spent": 39683.0, "return_on_spend": 0.2441}, "puts": {"entry_frame": "3:06\u20133:11 PM", "exit_frame": "3:55\u20134:00 PM", "entry_minutes": 5, "exit_minutes": 5, "n_trades": 100, "wins": 27, "win_rate": 0.27, "total_pnl": 9240.74, "avg_pnl": 92.41, "best_day": 11726.4, "worst_day": -476.0, "premium_spent": 41468.78, "return_on_spend": 0.2228}, "generated_at": "2026-06-28T03:35:09.663459+00:00"}
===END_SUMMARY===

=== strategy stderr ===

